0 verbose cli /data/data/com.termux/files/usr/bin/node /data/data/com.termux/files/usr/bin/npm
1 info using npm@11.3.0
2 info using node@v24.2.0
3 silly config load:file:/data/data/com.termux/files/usr/lib/node_modules/npm/npmrc
4 silly config load:file:/data/data/com.termux/files/home/verumomnis/backend/.npmrc
5 silly config load:file:/data/data/com.termux/files/home/.npmrc
6 silly config load:file:/data/data/com.termux/files/usr/etc/npmrc
7 verbose title npm install express cors multer fs path
8 verbose argv "install" "express" "cors" "multer" "fs" "path"
9 verbose logfile logs-max:10 dir:/data/data/com.termux/files/home/.npm/_logs/2025-07-04T12_37_38_092Z-
10 verbose logfile /data/data/com.termux/files/home/.npm/_logs/2025-07-04T12_37_38_092Z-debug-0.log
11 silly logfile start cleaning logs, removing 1 files
12 silly packumentCache heap:1174405120 maxSize:293601280 maxEntrySize:146800640
13 silly logfile done cleaning log files
14 silly idealTree buildDeps
15 silly fetch manifest express@*
16 silly packumentCache full:https://registry.npmjs.org/express cache-miss
17 http fetch GET 200 https://registry.npmjs.org/express 457ms (cache revalidated)
18 silly packumentCache full:https://registry.npmjs.org/express set size:787083 disposed:false
19 silly fetch manifest cors@*
20 silly packumentCache full:https://registry.npmjs.org/cors cache-miss
21 http fetch GET 200 https://registry.npmjs.org/cors 423ms (cache revalidated)
22 silly packumentCache full:https://registry.npmjs.org/cors set size:73833 disposed:false
23 silly fetch manifest multer@*
24 silly packumentCache full:https://registry.npmjs.org/multer cache-miss
25 http fetch GET 200 https://registry.npmjs.org/multer 266ms (cache revalidated)
26 silly packumentCache full:https://registry.npmjs.org/multer set size:143388 disposed:false
27 silly fetch manifest fs@*
28 silly packumentCache full:https://registry.npmjs.org/fs cache-miss
29 http fetch GET 200 https://registry.npmjs.org/fs 290ms (cache miss)
30 silly packumentCache full:https://registry.npmjs.org/fs set size:undefined disposed:false
31 silly fetch manifest path@*
32 silly packumentCache full:https://registry.npmjs.org/path cache-miss
33 http fetch GET 200 https://registry.npmjs.org/path 82ms (cache miss)
34 silly packumentCache full:https://registry.npmjs.org/path set size:undefined disposed:false
35 silly placeDep ROOT cors@2.8.5 OK for:  want: *
36 silly placeDep ROOT express@5.1.0 OK for:  want: *
37 silly placeDep ROOT fs@0.0.1-security OK for:  want: *
38 silly placeDep ROOT multer@2.0.1 OK for:  want: *
39 silly placeDep ROOT path@0.12.7 OK for:  want: *
40 silly fetch manifest vary@^1
41 silly packumentCache full:https://registry.npmjs.org/vary cache-miss
42 silly fetch manifest object-assign@^4
43 silly packumentCache full:https://registry.npmjs.org/object-assign cache-miss
44 silly fetch manifest qs@^6.14.0
45 silly packumentCache full:https://registry.npmjs.org/qs cache-miss
46 silly fetch manifest etag@^1.8.1
47 silly packumentCache full:https://registry.npmjs.org/etag cache-miss
48 silly fetch manifest once@^1.4.0
49 silly packumentCache full:https://registry.npmjs.org/once cache-miss
50 silly fetch manifest send@^1.1.0
51 silly packumentCache full:https://registry.npmjs.org/send cache-miss
52 http fetch GET 200 https://registry.npmjs.org/qs 97ms (cache revalidated)
53 silly packumentCache full:https://registry.npmjs.org/qs set size:264677 disposed:false
54 silly fetch manifest vary@^1.1.2
55 silly packumentCache full:https://registry.npmjs.org/vary cache-miss
56 http fetch GET 200 https://registry.npmjs.org/vary 66ms (cache revalidated)
57 silly packumentCache full:https://registry.npmjs.org/vary set size:16018 disposed:false
58 silly fetch manifest debug@^4.4.0
59 silly packumentCache full:https://registry.npmjs.org/debug cache-miss
60 http fetch GET 200 https://registry.npmjs.org/object-assign 215ms (cache revalidated)
61 silly packumentCache full:https://registry.npmjs.org/object-assign set size:28988 disposed:false
62 silly fetch manifest fresh@^2.0.0
63 silly packumentCache full:https://registry.npmjs.org/fresh cache-miss
64 http fetch GET 200 https://registry.npmjs.org/send 250ms (cache revalidated)
65 silly packumentCache full:https://registry.npmjs.org/send set size:147586 disposed:false
66 silly fetch manifest cookie@^0.7.1
67 silly packumentCache full:https://registry.npmjs.org/cookie cache-miss
68 http fetch GET 200 https://registry.npmjs.org/vary 266ms (cache revalidated)
69 silly packumentCache full:https://registry.npmjs.org/vary set size:16018 disposed:false
70 silly packumentCache full:https://registry.npmjs.org/vary dispose
71 silly fetch manifest router@^2.2.0
72 silly packumentCache full:https://registry.npmjs.org/router cache-miss
73 http fetch GET 200 https://registry.npmjs.org/etag 268ms (cache revalidated)
74 silly packumentCache full:https://registry.npmjs.org/etag set size:30032 disposed:false
75 silly fetch manifest accepts@^2.0.0
76 silly packumentCache full:https://registry.npmjs.org/accepts cache-miss
77 http fetch GET 200 https://registry.npmjs.org/debug 98ms (cache revalidated)
78 silly packumentCache full:https://registry.npmjs.org/debug set size:193521 disposed:false
79 silly fetch manifest type-is@^2.0.1
80 silly packumentCache full:https://registry.npmjs.org/type-is cache-miss
81 http fetch GET 200 https://registry.npmjs.org/once 280ms (cache revalidated)
82 silly packumentCache full:https://registry.npmjs.org/once set size:11768 disposed:false
83 silly fetch manifest parseurl@^1.3.3
84 silly packumentCache full:https://registry.npmjs.org/parseurl cache-miss
85 http fetch GET 200 https://registry.npmjs.org/fresh 127ms (cache revalidated)
86 silly packumentCache full:https://registry.npmjs.org/fresh set size:25427 disposed:false
87 silly fetch manifest statuses@^2.0.1
88 silly packumentCache full:https://registry.npmjs.org/statuses cache-miss
89 http fetch GET 200 https://registry.npmjs.org/cookie 94ms (cache revalidated)
90 silly packumentCache full:https://registry.npmjs.org/cookie set size:67180 disposed:false
91 silly fetch manifest encodeurl@^2.0.0
92 silly packumentCache full:https://registry.npmjs.org/encodeurl cache-miss
93 http fetch GET 200 https://registry.npmjs.org/accepts 114ms (cache revalidated)
94 silly packumentCache full:https://registry.npmjs.org/accepts set size:77054 disposed:false
95 silly fetch manifest mime-types@^3.0.0
96 silly packumentCache full:https://registry.npmjs.org/mime-types cache-miss
97 http fetch GET 200 https://registry.npmjs.org/router 125ms (cache revalidated)
98 silly packumentCache full:https://registry.npmjs.org/router set size:116499 disposed:false
99 silly fetch manifest proxy-addr@^2.0.7
100 silly packumentCache full:https://registry.npmjs.org/proxy-addr cache-miss
101 http fetch GET 200 https://registry.npmjs.org/type-is 117ms (cache revalidated)
102 silly packumentCache full:https://registry.npmjs.org/type-is set size:86196 disposed:false
103 silly fetch manifest body-parser@^2.2.0
104 silly packumentCache full:https://registry.npmjs.org/body-parser cache-miss
105 http fetch GET 200 https://registry.npmjs.org/parseurl 132ms (cache revalidated)
106 silly packumentCache full:https://registry.npmjs.org/parseurl set size:24148 disposed:false
107 silly fetch manifest escape-html@^1.0.3
108 silly packumentCache full:https://registry.npmjs.org/escape-html cache-miss
109 http fetch GET 200 https://registry.npmjs.org/statuses 99ms (cache revalidated)
110 silly packumentCache full:https://registry.npmjs.org/statuses set size:37117 disposed:false
111 silly fetch manifest http-errors@^2.0.0
112 silly packumentCache full:https://registry.npmjs.org/http-errors cache-miss
113 http fetch GET 200 https://registry.npmjs.org/mime-types 109ms (cache revalidated)
114 silly packumentCache full:https://registry.npmjs.org/mime-types set size:136716 disposed:false
115 silly fetch manifest on-finished@^2.4.1
116 silly packumentCache full:https://registry.npmjs.org/on-finished cache-miss
117 http fetch GET 200 https://registry.npmjs.org/proxy-addr 110ms (cache revalidated)
118 silly packumentCache full:https://registry.npmjs.org/proxy-addr set size:61619 disposed:false
119 silly fetch manifest content-type@^1.0.5
120 silly packumentCache full:https://registry.npmjs.org/content-type cache-miss
121 http fetch GET 200 https://registry.npmjs.org/escape-html 104ms (cache revalidated)
122 silly packumentCache full:https://registry.npmjs.org/escape-html set size:7345 disposed:false
123 silly fetch manifest finalhandler@^2.1.0
124 silly packumentCache full:https://registry.npmjs.org/finalhandler cache-miss
125 http fetch GET 200 https://registry.npmjs.org/body-parser 126ms (cache revalidated)
126 silly packumentCache full:https://registry.npmjs.org/body-parser set size:209520 disposed:false
127 silly fetch manifest range-parser@^1.2.1
128 silly packumentCache full:https://registry.npmjs.org/range-parser cache-miss
129 http fetch GET 200 https://registry.npmjs.org/range-parser 101ms (cache revalidated)
130 silly packumentCache full:https://registry.npmjs.org/range-parser set size:22228 disposed:false
131 silly fetch manifest serve-static@^2.2.0
132 silly packumentCache full:https://registry.npmjs.org/serve-static cache-miss
133 http fetch GET 200 https://registry.npmjs.org/content-type 132ms (cache revalidated)
134 silly packumentCache full:https://registry.npmjs.org/content-type set size:17311 disposed:false
135 silly fetch manifest cookie-signature@^1.2.1
136 silly packumentCache full:https://registry.npmjs.org/cookie-signature cache-miss
137 http fetch GET 200 https://registry.npmjs.org/encodeurl 289ms (cache revalidated)
138 silly packumentCache full:https://registry.npmjs.org/encodeurl set size:12296 disposed:false
139 silly fetch manifest merge-descriptors@^2.0.0
140 silly packumentCache full:https://registry.npmjs.org/merge-descriptors cache-miss
141 http fetch GET 200 https://registry.npmjs.org/finalhandler 156ms (cache revalidated)
142 silly packumentCache full:https://registry.npmjs.org/finalhandler set size:74406 disposed:false
143 silly fetch manifest content-disposition@^1.0.0
144 silly packumentCache full:https://registry.npmjs.org/content-disposition cache-miss
145 http fetch GET 200 https://registry.npmjs.org/on-finished 180ms (cache revalidated)
146 silly packumentCache full:https://registry.npmjs.org/on-finished set size:23212 disposed:false
147 silly fetch manifest append-field@^1.0.0
148 silly packumentCache full:https://registry.npmjs.org/append-field cache-miss
149 http fetch GET 200 https://registry.npmjs.org/http-errors 239ms (cache revalidated)
150 silly packumentCache full:https://registry.npmjs.org/http-errors set size:69537 disposed:false
151 silly fetch manifest busboy@^1.6.0
152 silly packumentCache full:https://registry.npmjs.org/busboy cache-miss
153 http fetch GET 200 https://registry.npmjs.org/merge-descriptors 144ms (cache revalidated)
154 silly packumentCache full:https://registry.npmjs.org/merge-descriptors set size:16527 disposed:false
155 silly fetch manifest concat-stream@^2.0.0
156 silly packumentCache full:https://registry.npmjs.org/concat-stream cache-miss
157 http fetch GET 200 https://registry.npmjs.org/cookie-signature 153ms (cache revalidated)
158 silly packumentCache full:https://registry.npmjs.org/cookie-signature set size:21777 disposed:false
159 silly fetch manifest mkdirp@^0.5.6
160 silly packumentCache full:https://registry.npmjs.org/mkdirp cache-miss
161 http fetch GET 200 https://registry.npmjs.org/serve-static 162ms (cache revalidated)
162 silly packumentCache full:https://registry.npmjs.org/serve-static set size:145938 disposed:false
163 silly fetch manifest object-assign@^4.1.1
164 silly packumentCache full:https://registry.npmjs.org/object-assign cache-hit
165 silly fetch manifest type-is@^1.6.18
166 silly packumentCache full:https://registry.npmjs.org/type-is cache-hit
167 silly fetch manifest xtend@^4.0.2
168 silly packumentCache full:https://registry.npmjs.org/xtend cache-miss
169 http fetch GET 200 https://registry.npmjs.org/busboy 130ms (cache revalidated)
170 silly packumentCache full:https://registry.npmjs.org/busboy set size:78925 disposed:false
171 silly fetch manifest process@^0.11.1
172 silly packumentCache full:https://registry.npmjs.org/process cache-miss
173 http fetch GET 200 https://registry.npmjs.org/content-disposition 153ms (cache revalidated)
174 silly packumentCache full:https://registry.npmjs.org/content-disposition set size:26893 disposed:false
175 silly fetch manifest util@^0.10.3
176 silly packumentCache full:https://registry.npmjs.org/util cache-miss
177 http fetch GET 200 https://registry.npmjs.org/mkdirp 121ms (cache revalidated)
178 silly packumentCache full:https://registry.npmjs.org/mkdirp set size:116455 disposed:false
179 http fetch GET 200 https://registry.npmjs.org/xtend 125ms (cache revalidated)
180 silly packumentCache full:https://registry.npmjs.org/xtend set size:28314 disposed:false
181 http fetch GET 200 https://registry.npmjs.org/concat-stream 153ms (cache revalidated)
182 silly packumentCache full:https://registry.npmjs.org/concat-stream set size:63783 disposed:false
183 http fetch GET 200 https://registry.npmjs.org/util 128ms (cache miss)
184 silly packumentCache full:https://registry.npmjs.org/util set size:undefined disposed:false
185 http fetch GET 200 https://registry.npmjs.org/process 143ms (cache miss)
186 silly packumentCache full:https://registry.npmjs.org/process set size:undefined disposed:false
187 http fetch GET 200 https://registry.npmjs.org/append-field 330ms (cache revalidated)
188 silly packumentCache full:https://registry.npmjs.org/append-field set size:7798 disposed:false
189 silly placeDep ROOT object-assign@4.1.1 OK for: cors@2.8.5 want: ^4
190 silly placeDep ROOT vary@1.1.2 OK for: cors@2.8.5 want: ^1
191 silly placeDep ROOT accepts@2.0.0 OK for: express@5.1.0 want: ^2.0.0
192 silly placeDep ROOT body-parser@2.2.0 OK for: express@5.1.0 want: ^2.2.0
193 silly placeDep ROOT content-disposition@1.0.0 OK for: express@5.1.0 want: ^1.0.0
194 silly placeDep ROOT content-type@1.0.5 OK for: express@5.1.0 want: ^1.0.5
195 silly placeDep ROOT cookie@0.7.2 OK for: express@5.1.0 want: ^0.7.1
196 silly placeDep ROOT cookie-signature@1.2.2 OK for: express@5.1.0 want: ^1.2.1
197 silly placeDep ROOT debug@4.4.1 OK for: express@5.1.0 want: ^4.4.0
198 silly placeDep ROOT encodeurl@2.0.0 OK for: express@5.1.0 want: ^2.0.0
199 silly placeDep ROOT escape-html@1.0.3 OK for: express@5.1.0 want: ^1.0.3
200 silly placeDep ROOT etag@1.8.1 OK for: express@5.1.0 want: ^1.8.1
201 silly placeDep ROOT finalhandler@2.1.0 OK for: express@5.1.0 want: ^2.1.0
202 silly placeDep ROOT fresh@2.0.0 OK for: express@5.1.0 want: ^2.0.0
203 silly placeDep ROOT http-errors@2.0.0 OK for: express@5.1.0 want: ^2.0.0
204 silly placeDep ROOT merge-descriptors@2.0.0 OK for: express@5.1.0 want: ^2.0.0
205 silly placeDep ROOT mime-types@3.0.1 OK for: express@5.1.0 want: ^3.0.0
206 silly placeDep ROOT on-finished@2.4.1 OK for: express@5.1.0 want: ^2.4.1
207 silly placeDep ROOT once@1.4.0 OK for: express@5.1.0 want: ^1.4.0
208 silly placeDep ROOT parseurl@1.3.3 OK for: express@5.1.0 want: ^1.3.3
209 silly placeDep ROOT proxy-addr@2.0.7 OK for: express@5.1.0 want: ^2.0.7
210 silly placeDep ROOT qs@6.14.0 OK for: express@5.1.0 want: ^6.14.0
211 silly placeDep ROOT range-parser@1.2.1 OK for: express@5.1.0 want: ^1.2.1
212 silly placeDep ROOT router@2.2.0 OK for: express@5.1.0 want: ^2.2.0
213 silly placeDep ROOT send@1.2.0 OK for: express@5.1.0 want: ^1.1.0
214 silly placeDep ROOT serve-static@2.2.0 OK for: express@5.1.0 want: ^2.2.0
215 silly placeDep ROOT statuses@2.0.2 OK for: express@5.1.0 want: ^2.0.1
216 silly placeDep ROOT type-is@2.0.1 OK for: express@5.1.0 want: ^2.0.1
217 silly fetch manifest negotiator@^1.0.0
218 silly packumentCache full:https://registry.npmjs.org/negotiator cache-miss
219 silly fetch manifest bytes@^3.1.2
220 silly packumentCache full:https://registry.npmjs.org/bytes cache-miss
221 silly fetch manifest iconv-lite@^0.6.3
222 silly packumentCache full:https://registry.npmjs.org/iconv-lite cache-miss
223 silly fetch manifest raw-body@^3.0.0
224 silly packumentCache full:https://registry.npmjs.org/raw-body cache-miss
225 silly fetch manifest type-is@^2.0.0
226 silly packumentCache full:https://registry.npmjs.org/type-is cache-hit
227 silly fetch manifest safe-buffer@5.2.1
228 silly packumentCache full:https://registry.npmjs.org/safe-buffer cache-miss
229 silly fetch manifest ms@^2.1.3
230 silly packumentCache full:https://registry.npmjs.org/ms cache-miss
231 http fetch GET 200 https://registry.npmjs.org/iconv-lite 66ms (cache revalidated)
232 silly packumentCache full:https://registry.npmjs.org/iconv-lite set size:115994 disposed:false
233 silly fetch manifest depd@2.0.0
234 silly packumentCache full:https://registry.npmjs.org/depd cache-miss
235 http fetch GET 200 https://registry.npmjs.org/bytes 80ms (cache revalidated)
236 silly packumentCache full:https://registry.npmjs.org/bytes set size:37018 disposed:false
237 silly fetch manifest inherits@2.0.4
238 silly packumentCache full:https://registry.npmjs.org/inherits cache-miss
239 http fetch GET 200 https://registry.npmjs.org/ms 88ms (cache revalidated)
240 silly packumentCache full:https://registry.npmjs.org/ms set size:84883 disposed:false
241 silly fetch manifest statuses@2.0.1
242 silly packumentCache full:https://registry.npmjs.org/statuses cache-hit
243 silly fetch manifest toidentifier@1.0.1
244 silly packumentCache full:https://registry.npmjs.org/toidentifier cache-miss
245 http fetch GET 200 https://registry.npmjs.org/negotiator 115ms (cache revalidated)
246 silly packumentCache full:https://registry.npmjs.org/negotiator set size:48046 disposed:false
247 silly fetch manifest setprototypeof@1.2.0
248 silly packumentCache full:https://registry.npmjs.org/setprototypeof cache-miss
249 http fetch GET 200 https://registry.npmjs.org/safe-buffer 113ms (cache revalidated)
250 silly packumentCache full:https://registry.npmjs.org/safe-buffer set size:41183 disposed:false
251 silly fetch manifest mime-db@^1.54.0
252 silly packumentCache full:https://registry.npmjs.org/mime-db cache-miss
253 http fetch GET 200 https://registry.npmjs.org/raw-body 132ms (cache revalidated)
254 silly packumentCache full:https://registry.npmjs.org/raw-body set size:108717 disposed:false
255 silly fetch manifest ee-first@1.1.1
256 silly packumentCache full:https://registry.npmjs.org/ee-first cache-miss
257 http fetch GET 200 https://registry.npmjs.org/depd 82ms (cache revalidated)
258 silly packumentCache full:https://registry.npmjs.org/depd set size:40182 disposed:false
259 silly fetch manifest wrappy@1
260 silly packumentCache full:https://registry.npmjs.org/wrappy cache-miss
261 http fetch GET 200 https://registry.npmjs.org/inherits 83ms (cache revalidated)
262 silly packumentCache full:https://registry.npmjs.org/inherits set size:12925 disposed:false
263 silly fetch manifest forwarded@0.2.0
264 silly packumentCache full:https://registry.npmjs.org/forwarded cache-miss
265 http fetch GET 200 https://registry.npmjs.org/mime-db 82ms (cache revalidated)
266 silly packumentCache full:https://registry.npmjs.org/mime-db set size:164953 disposed:false
267 silly fetch manifest ipaddr.js@1.9.1
268 silly packumentCache full:https://registry.npmjs.org/ipaddr.js cache-miss
269 http fetch GET 200 https://registry.npmjs.org/wrappy 60ms (cache revalidated)
270 silly packumentCache full:https://registry.npmjs.org/wrappy set size:7682 disposed:false
271 silly fetch manifest side-channel@^1.1.0
272 silly packumentCache full:https://registry.npmjs.org/side-channel cache-miss
273 http fetch GET 200 https://registry.npmjs.org/ee-first 105ms (cache revalidated)
274 silly packumentCache full:https://registry.npmjs.org/ee-first set size:15327 disposed:false
275 silly fetch manifest depd@^2.0.0
276 silly packumentCache full:https://registry.npmjs.org/depd cache-hit
277 silly fetch manifest is-promise@^4.0.0
278 silly packumentCache full:https://registry.npmjs.org/is-promise cache-miss
279 http fetch GET 200 https://registry.npmjs.org/forwarded 80ms (cache revalidated)
280 silly packumentCache full:https://registry.npmjs.org/forwarded set size:11229 disposed:false
281 silly fetch manifest path-to-regexp@^8.0.0
282 silly packumentCache full:https://registry.npmjs.org/path-to-regexp cache-miss
283 http fetch GET 200 https://registry.npmjs.org/toidentifier 150ms (cache revalidated)
284 silly packumentCache full:https://registry.npmjs.org/toidentifier set size:12006 disposed:false
285 silly fetch manifest media-typer@^1.1.0
286 silly packumentCache full:https://registry.npmjs.org/media-typer cache-miss
287 http fetch GET 200 https://registry.npmjs.org/ipaddr.js 110ms (cache revalidated)
288 silly packumentCache full:https://registry.npmjs.org/ipaddr.js set size:65942 disposed:false
289 http fetch GET 200 https://registry.npmjs.org/side-channel 140ms (cache revalidated)
290 silly packumentCache full:https://registry.npmjs.org/side-channel set size:24660 disposed:false
291 http fetch GET 200 https://registry.npmjs.org/is-promise 137ms (cache revalidated)
292 silly packumentCache full:https://registry.npmjs.org/is-promise set size:18599 disposed:false
293 http fetch GET 200 https://registry.npmjs.org/media-typer 135ms (cache revalidated)
294 silly packumentCache full:https://registry.npmjs.org/media-typer set size:20873 disposed:false
295 http fetch GET 200 https://registry.npmjs.org/path-to-regexp 142ms (cache revalidated)
296 silly packumentCache full:https://registry.npmjs.org/path-to-regexp set size:196503 disposed:false
297 http fetch GET 200 https://registry.npmjs.org/setprototypeof 331ms (cache revalidated)
298 silly packumentCache full:https://registry.npmjs.org/setprototypeof set size:14532 disposed:false
299 silly placeDep ROOT negotiator@1.0.0 OK for: accepts@2.0.0 want: ^1.0.0
300 silly placeDep ROOT bytes@3.1.2 OK for: body-parser@2.2.0 want: ^3.1.2
301 silly placeDep ROOT iconv-lite@0.6.3 OK for: body-parser@2.2.0 want: ^0.6.3
302 silly placeDep ROOT raw-body@3.0.0 OK for: body-parser@2.2.0 want: ^3.0.0
303 silly fetch manifest safer-buffer@>= 2.1.2 < 3.0.0
304 silly packumentCache full:https://registry.npmjs.org/safer-buffer cache-miss
305 silly fetch manifest unpipe@1.0.0
306 silly packumentCache full:https://registry.npmjs.org/unpipe cache-miss
307 http fetch GET 200 https://registry.npmjs.org/safer-buffer 99ms (cache revalidated)
308 silly packumentCache full:https://registry.npmjs.org/safer-buffer set size:18521 disposed:false
309 http fetch GET 200 https://registry.npmjs.org/unpipe 120ms (cache revalidated)
310 silly packumentCache full:https://registry.npmjs.org/unpipe set size:3537 disposed:false
311 silly placeDep ROOT safe-buffer@5.2.1 OK for: content-disposition@1.0.0 want: 5.2.1
312 silly placeDep ROOT ms@2.1.3 OK for: debug@4.4.1 want: ^2.1.3
313 silly placeDep ROOT depd@2.0.0 OK for: http-errors@2.0.0 want: 2.0.0
314 silly placeDep ROOT inherits@2.0.4 OK for: http-errors@2.0.0 want: 2.0.4
315 silly placeDep ROOT setprototypeof@1.2.0 OK for: http-errors@2.0.0 want: 1.2.0
316 silly placeDep node_modules/http-errors statuses@2.0.1 OK for: http-errors@2.0.0 want: 2.0.1
317 silly placeDep ROOT toidentifier@1.0.1 OK for: http-errors@2.0.0 want: 1.0.1
318 silly placeDep ROOT safer-buffer@2.1.2 OK for: iconv-lite@0.6.3 want: >= 2.1.2 < 3.0.0
319 silly placeDep ROOT mime-db@1.54.0 OK for: mime-types@3.0.1 want: ^1.54.0
320 silly placeDep ROOT append-field@1.0.0 OK for: multer@2.0.1 want: ^1.0.0
321 silly placeDep ROOT busboy@1.6.0 OK for: multer@2.0.1 want: ^1.6.0
322 silly placeDep ROOT concat-stream@2.0.0 OK for: multer@2.0.1 want: ^2.0.0
323 silly placeDep ROOT mkdirp@0.5.6 OK for: multer@2.0.1 want: ^0.5.6
324 silly placeDep node_modules/multer type-is@1.6.18 OK for: multer@2.0.1 want: ^1.6.18
325 silly placeDep ROOT xtend@4.0.2 OK for: multer@2.0.1 want: ^4.0.2
326 silly fetch manifest streamsearch@^1.1.0
327 silly packumentCache full:https://registry.npmjs.org/streamsearch cache-miss
328 silly fetch manifest buffer-from@^1.0.0
329 silly packumentCache full:https://registry.npmjs.org/buffer-from cache-miss
330 silly fetch manifest readable-stream@^3.0.2
331 silly packumentCache full:https://registry.npmjs.org/readable-stream cache-miss
332 silly fetch manifest typedarray@^0.0.6
333 silly packumentCache full:https://registry.npmjs.org/typedarray cache-miss
334 silly fetch manifest minimist@^1.2.6
335 silly packumentCache full:https://registry.npmjs.org/minimist cache-miss
336 silly fetch manifest mime-types@~2.1.24
337 silly packumentCache full:https://registry.npmjs.org/mime-types cache-hit
338 silly fetch manifest media-typer@0.3.0
339 silly packumentCache full:https://registry.npmjs.org/media-typer cache-hit
340 http fetch GET 200 https://registry.npmjs.org/streamsearch 102ms (cache revalidated)
341 silly packumentCache full:https://registry.npmjs.org/streamsearch set size:27372 disposed:false
342 http fetch GET 200 https://registry.npmjs.org/buffer-from 104ms (cache revalidated)
343 silly packumentCache full:https://registry.npmjs.org/buffer-from set size:15463 disposed:false
344 http fetch GET 200 https://registry.npmjs.org/typedarray 105ms (cache revalidated)
345 silly packumentCache full:https://registry.npmjs.org/typedarray set size:18469 disposed:false
346 http fetch GET 200 https://registry.npmjs.org/readable-stream 112ms (cache revalidated)
347 silly packumentCache full:https://registry.npmjs.org/readable-stream set size:261096 disposed:false
348 http fetch GET 200 https://registry.npmjs.org/minimist 123ms (cache revalidated)
349 silly packumentCache full:https://registry.npmjs.org/minimist set size:77097 disposed:false
350 silly placeDep ROOT streamsearch@1.1.0 OK for: busboy@1.6.0 want: ^1.1.0
351 silly placeDep ROOT buffer-from@1.1.2 OK for: concat-stream@2.0.0 want: ^1.0.0
352 silly placeDep ROOT readable-stream@3.6.2 OK for: concat-stream@2.0.0 want: ^3.0.2
353 silly placeDep ROOT typedarray@0.0.6 OK for: concat-stream@2.0.0 want: ^0.0.6
354 silly fetch manifest string_decoder@^1.1.1
355 silly packumentCache full:https://registry.npmjs.org/string_decoder cache-miss
356 silly fetch manifest util-deprecate@^1.0.1
357 silly packumentCache full:https://registry.npmjs.org/util-deprecate cache-miss
358 http fetch GET 200 https://registry.npmjs.org/util-deprecate 174ms (cache revalidated)
359 silly packumentCache full:https://registry.npmjs.org/util-deprecate set size:6674 disposed:false
360 http fetch GET 200 https://registry.npmjs.org/string_decoder 177ms (cache revalidated)
361 silly packumentCache full:https://registry.npmjs.org/string_decoder set size:28441 disposed:false
362 silly placeDep ROOT minimist@1.2.8 OK for: mkdirp@0.5.6 want: ^1.2.6
363 silly placeDep ROOT ee-first@1.1.1 OK for: on-finished@2.4.1 want: 1.1.1
364 silly placeDep ROOT wrappy@1.0.2 OK for: once@1.4.0 want: 1
365 silly placeDep ROOT process@0.11.10 OK for: path@0.12.7 want: ^0.11.1
366 silly placeDep ROOT util@0.10.4 OK for: path@0.12.7 want: ^0.10.3
367 silly fetch manifest inherits@2.0.3
368 silly packumentCache full:https://registry.npmjs.org/inherits cache-hit
369 silly placeDep ROOT forwarded@0.2.0 OK for: proxy-addr@2.0.7 want: 0.2.0
370 silly placeDep ROOT ipaddr.js@1.9.1 OK for: proxy-addr@2.0.7 want: 1.9.1
371 silly placeDep ROOT side-channel@1.1.0 OK for: qs@6.14.0 want: ^1.1.0
372 silly fetch manifest es-errors@^1.3.0
373 silly packumentCache full:https://registry.npmjs.org/es-errors cache-miss
374 silly fetch manifest object-inspect@^1.13.3
375 silly packumentCache full:https://registry.npmjs.org/object-inspect cache-miss
376 silly fetch manifest side-channel-list@^1.0.0
377 silly packumentCache full:https://registry.npmjs.org/side-channel-list cache-miss
378 silly fetch manifest side-channel-map@^1.0.1
379 silly packumentCache full:https://registry.npmjs.org/side-channel-map cache-miss
380 silly fetch manifest side-channel-weakmap@^1.0.2
381 silly packumentCache full:https://registry.npmjs.org/side-channel-weakmap cache-miss
382 http fetch GET 200 https://registry.npmjs.org/side-channel-weakmap 338ms (cache revalidated)
383 silly packumentCache full:https://registry.npmjs.org/side-channel-weakmap set size:12620 disposed:false
384 http fetch GET 200 https://registry.npmjs.org/side-channel-map 341ms (cache revalidated)
385 silly packumentCache full:https://registry.npmjs.org/side-channel-map set size:9126 disposed:false
386 http fetch GET 200 https://registry.npmjs.org/side-channel-list 342ms (cache revalidated)
387 silly packumentCache full:https://registry.npmjs.org/side-channel-list set size:6005 disposed:false
388 http fetch GET 200 https://registry.npmjs.org/es-errors 350ms (cache revalidated)
389 silly packumentCache full:https://registry.npmjs.org/es-errors set size:16918 disposed:false
390 http fetch GET 200 https://registry.npmjs.org/object-inspect 351ms (cache revalidated)
391 silly packumentCache full:https://registry.npmjs.org/object-inspect set size:101912 disposed:false
392 silly placeDep ROOT unpipe@1.0.0 OK for: raw-body@3.0.0 want: 1.0.0
393 silly placeDep ROOT string_decoder@1.3.0 OK for: readable-stream@3.6.2 want: ^1.1.1
394 silly placeDep ROOT util-deprecate@1.0.2 OK for: readable-stream@3.6.2 want: ^1.0.1
395 silly placeDep ROOT is-promise@4.0.0 OK for: router@2.2.0 want: ^4.0.0
396 silly placeDep ROOT path-to-regexp@8.2.0 OK for: router@2.2.0 want: ^8.0.0
397 silly placeDep ROOT es-errors@1.3.0 OK for: side-channel@1.1.0 want: ^1.3.0
398 silly placeDep ROOT object-inspect@1.13.4 OK for: side-channel@1.1.0 want: ^1.13.3
399 silly placeDep ROOT side-channel-list@1.0.0 OK for: side-channel@1.1.0 want: ^1.0.0
400 silly placeDep ROOT side-channel-map@1.0.1 OK for: side-channel@1.1.0 want: ^1.0.1
401 silly placeDep ROOT side-channel-weakmap@1.0.2 OK for: side-channel@1.1.0 want: ^1.0.2
402 silly fetch manifest call-bound@^1.0.2
403 silly packumentCache full:https://registry.npmjs.org/call-bound cache-miss
404 silly fetch manifest get-intrinsic@^1.2.5
405 silly packumentCache full:https://registry.npmjs.org/get-intrinsic cache-miss
406 silly fetch manifest call-bound@^1.0.2
407 silly packumentCache full:https://registry.npmjs.org/call-bound cache-miss
408 silly fetch manifest get-intrinsic@^1.2.5
409 silly packumentCache full:https://registry.npmjs.org/get-intrinsic cache-miss
410 http fetch GET 200 https://registry.npmjs.org/call-bound 84ms (cache revalidated)
411 silly packumentCache full:https://registry.npmjs.org/call-bound set size:15317 disposed:false
412 http fetch GET 200 https://registry.npmjs.org/get-intrinsic 86ms (cache revalidated)
413 silly packumentCache full:https://registry.npmjs.org/get-intrinsic set size:57687 disposed:false
414 http fetch GET 200 https://registry.npmjs.org/get-intrinsic 88ms (cache revalidated)
415 silly packumentCache full:https://registry.npmjs.org/get-intrinsic set size:57687 disposed:false
416 silly packumentCache full:https://registry.npmjs.org/get-intrinsic dispose
417 http fetch GET 200 https://registry.npmjs.org/call-bound 90ms (cache revalidated)
418 silly packumentCache full:https://registry.npmjs.org/call-bound set size:15317 disposed:false
419 silly packumentCache full:https://registry.npmjs.org/call-bound dispose
420 silly placeDep ROOT call-bound@1.0.4 OK for: side-channel-map@1.0.1 want: ^1.0.2
421 silly placeDep ROOT get-intrinsic@1.3.0 OK for: side-channel-map@1.0.1 want: ^1.2.5
422 silly fetch manifest call-bind-apply-helpers@^1.0.2
423 silly packumentCache full:https://registry.npmjs.org/call-bind-apply-helpers cache-miss
424 silly fetch manifest get-intrinsic@^1.3.0
425 silly packumentCache full:https://registry.npmjs.org/get-intrinsic cache-hit
426 silly fetch manifest call-bind-apply-helpers@^1.0.2
427 silly packumentCache full:https://registry.npmjs.org/call-bind-apply-helpers cache-miss
428 silly fetch manifest es-define-property@^1.0.1
429 silly packumentCache full:https://registry.npmjs.org/es-define-property cache-miss
430 silly fetch manifest es-object-atoms@^1.1.1
431 silly packumentCache full:https://registry.npmjs.org/es-object-atoms cache-miss
432 silly fetch manifest function-bind@^1.1.2
433 silly packumentCache full:https://registry.npmjs.org/function-bind cache-miss
434 silly fetch manifest get-proto@^1.0.1
435 silly packumentCache full:https://registry.npmjs.org/get-proto cache-miss
436 http fetch GET 200 https://registry.npmjs.org/es-object-atoms 216ms (cache revalidated)
437 silly packumentCache full:https://registry.npmjs.org/es-object-atoms set size:15304 disposed:false
438 silly fetch manifest gopd@^1.2.0
439 silly packumentCache full:https://registry.npmjs.org/gopd cache-miss
440 http fetch GET 200 https://registry.npmjs.org/es-define-property 222ms (cache revalidated)
441 silly packumentCache full:https://registry.npmjs.org/es-define-property set size:8542 disposed:false
442 silly fetch manifest has-symbols@^1.1.0
443 silly packumentCache full:https://registry.npmjs.org/has-symbols cache-miss
444 http fetch GET 200 https://registry.npmjs.org/call-bind-apply-helpers 229ms (cache revalidated)
445 silly packumentCache full:https://registry.npmjs.org/call-bind-apply-helpers set size:12744 disposed:false
446 silly fetch manifest hasown@^2.0.2
447 silly packumentCache full:https://registry.npmjs.org/hasown cache-miss
448 http fetch GET 200 https://registry.npmjs.org/function-bind 239ms (cache revalidated)
449 silly packumentCache full:https://registry.npmjs.org/function-bind set size:15733 disposed:false
450 silly fetch manifest math-intrinsics@^1.1.0
451 silly packumentCache full:https://registry.npmjs.org/math-intrinsics cache-miss
452 http fetch GET 200 https://registry.npmjs.org/get-proto 245ms (cache revalidated)
453 silly packumentCache full:https://registry.npmjs.org/get-proto set size:8300 disposed:false
454 http fetch GET 200 https://registry.npmjs.org/call-bind-apply-helpers 268ms (cache revalidated)
455 silly packumentCache full:https://registry.npmjs.org/call-bind-apply-helpers set size:12744 disposed:false
456 silly packumentCache full:https://registry.npmjs.org/call-bind-apply-helpers dispose
457 http fetch GET 200 https://registry.npmjs.org/gopd 125ms (cache revalidated)
458 silly packumentCache full:https://registry.npmjs.org/gopd set size:11458 disposed:false
459 http fetch GET 200 https://registry.npmjs.org/has-symbols 134ms (cache revalidated)
460 silly packumentCache full:https://registry.npmjs.org/has-symbols set size:21550 disposed:false
461 http fetch GET 200 https://registry.npmjs.org/hasown 134ms (cache revalidated)
462 silly packumentCache full:https://registry.npmjs.org/hasown set size:12476 disposed:false
463 http fetch GET 200 https://registry.npmjs.org/math-intrinsics 122ms (cache revalidated)
464 silly packumentCache full:https://registry.npmjs.org/math-intrinsics set size:9265 disposed:false
465 silly placeDep ROOT call-bind-apply-helpers@1.0.2 OK for: call-bound@1.0.4 want: ^1.0.2
466 silly placeDep ROOT function-bind@1.1.2 OK for: call-bind-apply-helpers@1.0.2 want: ^1.1.2
467 silly placeDep ROOT es-define-property@1.0.1 OK for: get-intrinsic@1.3.0 want: ^1.0.1
468 silly placeDep ROOT es-object-atoms@1.1.1 OK for: get-intrinsic@1.3.0 want: ^1.1.1
469 silly placeDep ROOT get-proto@1.0.1 OK for: get-intrinsic@1.3.0 want: ^1.0.1
470 silly placeDep ROOT gopd@1.2.0 OK for: get-intrinsic@1.3.0 want: ^1.2.0
471 silly placeDep ROOT has-symbols@1.1.0 OK for: get-intrinsic@1.3.0 want: ^1.1.0
472 silly placeDep ROOT hasown@2.0.2 OK for: get-intrinsic@1.3.0 want: ^2.0.2
473 silly placeDep ROOT math-intrinsics@1.1.0 OK for: get-intrinsic@1.3.0 want: ^1.1.0
474 silly fetch manifest dunder-proto@^1.0.1
475 silly packumentCache full:https://registry.npmjs.org/dunder-proto cache-miss
476 http fetch GET 200 https://registry.npmjs.org/dunder-proto 88ms (cache revalidated)
477 silly packumentCache full:https://registry.npmjs.org/dunder-proto set size:8256 disposed:false
478 silly placeDep ROOT dunder-proto@1.0.1 OK for: get-proto@1.0.1 want: ^1.0.1
479 silly placeDep ROOT media-typer@1.1.0 OK for: type-is@2.0.1 want: ^1.1.0
480 silly placeDep node_modules/util inherits@2.0.3 OK for: util@0.10.4 want: 2.0.3
481 silly placeDep node_modules/multer media-typer@0.3.0 OK for: type-is@1.6.18 want: 0.3.0
482 silly placeDep node_modules/multer mime-types@2.1.35 OK for: type-is@1.6.18 want: ~2.1.24
483 silly fetch manifest mime-db@1.52.0
484 silly packumentCache full:https://registry.npmjs.org/mime-db cache-hit
485 silly placeDep node_modules/multer mime-db@1.52.0 OK for: mime-types@2.1.35 want: 1.52.0
486 silly reify moves {}
487 http cache media-typer@https://registry.npmjs.org/media-typer/-/media-typer-1.1.0.tgz 0ms (cache hit)
488 http cache dunder-proto@https://registry.npmjs.org/dunder-proto/-/dunder-proto-1.0.1.tgz 0ms (cache hit)
489 http cache math-intrinsics@https://registry.npmjs.org/math-intrinsics/-/math-intrinsics-1.1.0.tgz 0ms (cache hit)
490 http cache hasown@https://registry.npmjs.org/hasown/-/hasown-2.0.2.tgz 0ms (cache hit)
491 http cache has-symbols@https://registry.npmjs.org/has-symbols/-/has-symbols-1.1.0.tgz 0ms (cache hit)
492 http cache gopd@https://registry.npmjs.org/gopd/-/gopd-1.2.0.tgz 0ms (cache hit)
493 http cache es-object-atoms@https://registry.npmjs.org/es-object-atoms/-/es-object-atoms-1.1.1.tgz 0ms (cache hit)
494 http cache es-define-property@https://registry.npmjs.org/es-define-property/-/es-define-property-1.0.1.tgz 1ms (cache hit)
495 http cache get-proto@https://registry.npmjs.org/get-proto/-/get-proto-1.0.1.tgz 0ms (cache hit)
496 http cache function-bind@https://registry.npmjs.org/function-bind/-/function-bind-1.1.2.tgz 0ms (cache hit)
497 http cache call-bind-apply-helpers@https://registry.npmjs.org/call-bind-apply-helpers/-/call-bind-apply-helpers-1.0.2.tgz 0ms (cache hit)
498 http cache get-intrinsic@https://registry.npmjs.org/get-intrinsic/-/get-intrinsic-1.3.0.tgz 0ms (cache hit)
499 http cache call-bound@https://registry.npmjs.org/call-bound/-/call-bound-1.0.4.tgz 0ms (cache hit)
500 http cache side-channel-weakmap@https://registry.npmjs.org/side-channel-weakmap/-/side-channel-weakmap-1.0.2.tgz 1ms (cache hit)
501 http cache side-channel-map@https://registry.npmjs.org/side-channel-map/-/side-channel-map-1.0.1.tgz 0ms (cache hit)
502 http cache side-channel-list@https://registry.npmjs.org/side-channel-list/-/side-channel-list-1.0.0.tgz 0ms (cache hit)
503 http cache object-inspect@https://registry.npmjs.org/object-inspect/-/object-inspect-1.13.4.tgz 0ms (cache hit)
504 http cache es-errors@https://registry.npmjs.org/es-errors/-/es-errors-1.3.0.tgz 0ms (cache hit)
505 http cache path-to-regexp@https://registry.npmjs.org/path-to-regexp/-/path-to-regexp-8.2.0.tgz 0ms (cache hit)
506 http cache is-promise@https://registry.npmjs.org/is-promise/-/is-promise-4.0.0.tgz 0ms (cache hit)
507 http cache util-deprecate@https://registry.npmjs.org/util-deprecate/-/util-deprecate-1.0.2.tgz 0ms (cache hit)
508 http cache string_decoder@https://registry.npmjs.org/string_decoder/-/string_decoder-1.3.0.tgz 0ms (cache hit)
509 http cache unpipe@https://registry.npmjs.org/unpipe/-/unpipe-1.0.0.tgz 0ms (cache hit)
510 http cache side-channel@https://registry.npmjs.org/side-channel/-/side-channel-1.1.0.tgz 0ms (cache hit)
511 http cache ipaddr.js@https://registry.npmjs.org/ipaddr.js/-/ipaddr.js-1.9.1.tgz 0ms (cache hit)
512 http cache util@https://registry.npmjs.org/util/-/util-0.10.4.tgz 0ms (cache hit)
513 http cache process@https://registry.npmjs.org/process/-/process-0.11.10.tgz 0ms (cache hit)
514 http cache wrappy@https://registry.npmjs.org/wrappy/-/wrappy-1.0.2.tgz 0ms (cache hit)
515 http cache ee-first@https://registry.npmjs.org/ee-first/-/ee-first-1.1.1.tgz 0ms (cache hit)
516 http cache minimist@https://registry.npmjs.org/minimist/-/minimist-1.2.8.tgz 0ms (cache hit)
517 http cache typedarray@https://registry.npmjs.org/typedarray/-/typedarray-0.0.6.tgz 0ms (cache hit)
518 http cache readable-stream@https://registry.npmjs.org/readable-stream/-/readable-stream-3.6.2.tgz 0ms (cache hit)
519 http cache streamsearch@https://registry.npmjs.org/streamsearch/-/streamsearch-1.1.0.tgz 0ms (cache hit)
520 http cache buffer-from@https://registry.npmjs.org/buffer-from/-/buffer-from-1.1.2.tgz 0ms (cache hit)
521 http cache xtend@https://registry.npmjs.org/xtend/-/xtend-4.0.2.tgz 0ms (cache hit)
522 http cache busboy@https://registry.npmjs.org/busboy/-/busboy-1.6.0.tgz 0ms (cache hit)
523 http cache mkdirp@https://registry.npmjs.org/mkdirp/-/mkdirp-0.5.6.tgz 0ms (cache hit)
524 http cache concat-stream@https://registry.npmjs.org/concat-stream/-/concat-stream-2.0.0.tgz 0ms (cache hit)
525 http cache mime-db@https://registry.npmjs.org/mime-db/-/mime-db-1.54.0.tgz 0ms (cache hit)
526 http cache toidentifier@https://registry.npmjs.org/toidentifier/-/toidentifier-1.0.1.tgz 0ms (cache hit)
527 http cache inherits@https://registry.npmjs.org/inherits/-/inherits-2.0.4.tgz 0ms (cache hit)
528 http cache setprototypeof@https://registry.npmjs.org/setprototypeof/-/setprototypeof-1.2.0.tgz 0ms (cache hit)
529 http cache depd@https://registry.npmjs.org/depd/-/depd-2.0.0.tgz 0ms (cache hit)
530 http cache ms@https://registry.npmjs.org/ms/-/ms-2.1.3.tgz 0ms (cache hit)
531 http cache safer-buffer@https://registry.npmjs.org/safer-buffer/-/safer-buffer-2.1.2.tgz 0ms (cache hit)
532 http cache safe-buffer@https://registry.npmjs.org/safe-buffer/-/safe-buffer-5.2.1.tgz 0ms (cache hit)
533 http cache raw-body@https://registry.npmjs.org/raw-body/-/raw-body-3.0.0.tgz 0ms (cache hit)
534 http cache iconv-lite@https://registry.npmjs.org/iconv-lite/-/iconv-lite-0.6.3.tgz 0ms (cache hit)
535 http cache bytes@https://registry.npmjs.org/bytes/-/bytes-3.1.2.tgz 0ms (cache hit)
536 http cache type-is@https://registry.npmjs.org/type-is/-/type-is-2.0.1.tgz 0ms (cache hit)
537 http cache negotiator@https://registry.npmjs.org/negotiator/-/negotiator-1.0.0.tgz 0ms (cache hit)
538 http cache statuses@https://registry.npmjs.org/statuses/-/statuses-2.0.2.tgz 0ms (cache hit)
539 http cache serve-static@https://registry.npmjs.org/serve-static/-/serve-static-2.2.0.tgz 0ms (cache hit)
540 http cache send@https://registry.npmjs.org/send/-/send-1.2.0.tgz 0ms (cache hit)
541 http cache router@https://registry.npmjs.org/router/-/router-2.2.0.tgz 0ms (cache hit)
542 http cache range-parser@https://registry.npmjs.org/range-parser/-/range-parser-1.2.1.tgz 0ms (cache hit)
543 http cache qs@https://registry.npmjs.org/qs/-/qs-6.14.0.tgz 0ms (cache hit)
544 http cache proxy-addr@https://registry.npmjs.org/proxy-addr/-/proxy-addr-2.0.7.tgz 0ms (cache hit)
545 http cache parseurl@https://registry.npmjs.org/parseurl/-/parseurl-1.3.3.tgz 0ms (cache hit)
546 http cache once@https://registry.npmjs.org/once/-/once-1.4.0.tgz 0ms (cache hit)
547 http cache on-finished@https://registry.npmjs.org/on-finished/-/on-finished-2.4.1.tgz 0ms (cache hit)
548 http cache mime-types@https://registry.npmjs.org/mime-types/-/mime-types-3.0.1.tgz 0ms (cache hit)
549 http cache merge-descriptors@https://registry.npmjs.org/merge-descriptors/-/merge-descriptors-2.0.0.tgz 0ms (cache hit)
550 http cache http-errors@https://registry.npmjs.org/http-errors/-/http-errors-2.0.0.tgz 0ms (cache hit)
551 http cache fresh@https://registry.npmjs.org/fresh/-/fresh-2.0.0.tgz 0ms (cache hit)
552 http cache finalhandler@https://registry.npmjs.org/finalhandler/-/finalhandler-2.1.0.tgz 0ms (cache hit)
553 http cache etag@https://registry.npmjs.org/etag/-/etag-1.8.1.tgz 0ms (cache hit)
554 http cache escape-html@https://registry.npmjs.org/escape-html/-/escape-html-1.0.3.tgz 0ms (cache hit)
555 http cache encodeurl@https://registry.npmjs.org/encodeurl/-/encodeurl-2.0.0.tgz 0ms (cache hit)
556 http cache debug@https://registry.npmjs.org/debug/-/debug-4.4.1.tgz 0ms (cache hit)
557 http cache cookie-signature@https://registry.npmjs.org/cookie-signature/-/cookie-signature-1.2.2.tgz 0ms (cache hit)
558 http cache cookie@https://registry.npmjs.org/cookie/-/cookie-0.7.2.tgz 0ms (cache hit)
559 http cache content-type@https://registry.npmjs.org/content-type/-/content-type-1.0.5.tgz 0ms (cache hit)
560 http cache content-disposition@https://registry.npmjs.org/content-disposition/-/content-disposition-1.0.0.tgz 1ms (cache hit)
561 http cache body-parser@https://registry.npmjs.org/body-parser/-/body-parser-2.2.0.tgz 0ms (cache hit)
562 http cache accepts@https://registry.npmjs.org/accepts/-/accepts-2.0.0.tgz 0ms (cache hit)
563 http cache vary@https://registry.npmjs.org/vary/-/vary-1.1.2.tgz 0ms (cache hit)
564 http cache object-assign@https://registry.npmjs.org/object-assign/-/object-assign-4.1.1.tgz 0ms (cache hit)
565 http cache path@https://registry.npmjs.org/path/-/path-0.12.7.tgz 0ms (cache hit)
566 http cache multer@https://registry.npmjs.org/multer/-/multer-2.0.1.tgz 0ms (cache hit)
567 http cache fs@https://registry.npmjs.org/fs/-/fs-0.0.1-security.tgz 0ms (cache hit)
568 http cache express@https://registry.npmjs.org/express/-/express-5.1.0.tgz 0ms (cache hit)
569 http cache cors@https://registry.npmjs.org/cors/-/cors-2.8.5.tgz 0ms (cache hit)
570 http cache inherits@https://registry.npmjs.org/inherits/-/inherits-2.0.3.tgz 0ms (cache hit)
571 http cache statuses@https://registry.npmjs.org/statuses/-/statuses-2.0.1.tgz 0ms (cache hit)
572 http cache mime-db@https://registry.npmjs.org/mime-db/-/mime-db-1.52.0.tgz 1ms (cache hit)
573 http cache mime-types@https://registry.npmjs.org/mime-types/-/mime-types-2.1.35.tgz 0ms (cache hit)
574 http cache media-typer@https://registry.npmjs.org/media-typer/-/media-typer-0.3.0.tgz 0ms (cache hit)
575 http cache type-is@https://registry.npmjs.org/type-is/-/type-is-1.6.18.tgz 0ms (cache hit)
576 http cache append-field@https://registry.npmjs.org/append-field/-/append-field-1.0.0.tgz 0ms (cache hit)
577 http cache forwarded@https://registry.npmjs.org/forwarded/-/forwarded-0.2.0.tgz 0ms (cache hit)
578 silly tarball no local data for util@https://registry.npmjs.org/util/-/util-0.10.4.tgz. Extracting by manifest.
579 silly tarball no local data for process@https://registry.npmjs.org/process/-/process-0.11.10.tgz. Extracting by manifest.
580 silly tarball no local data for cookie@https://registry.npmjs.org/cookie/-/cookie-0.7.2.tgz. Extracting by manifest.
581 silly tarball no local data for path@https://registry.npmjs.org/path/-/path-0.12.7.tgz. Extracting by manifest.
582 silly tarball no local data for fs@https://registry.npmjs.org/fs/-/fs-0.0.1-security.tgz. Extracting by manifest.
583 http fetch GET 200 https://registry.npmjs.org/process/-/process-0.11.10.tgz 446ms (cache miss)
584 http fetch GET 200 https://registry.npmjs.org/fs/-/fs-0.0.1-security.tgz 432ms (cache miss)
585 http fetch GET 200 https://registry.npmjs.org/util/-/util-0.10.4.tgz 451ms (cache miss)
586 http fetch GET 200 https://registry.npmjs.org/cookie/-/cookie-0.7.2.tgz 446ms (cache miss)
587 http fetch GET 200 https://registry.npmjs.org/path/-/path-0.12.7.tgz 479ms (cache miss)
588 silly ADD node_modules/media-typer
589 silly ADD node_modules/dunder-proto
590 silly ADD node_modules/math-intrinsics
591 silly ADD node_modules/hasown
592 silly ADD node_modules/has-symbols
593 silly ADD node_modules/gopd
594 silly ADD node_modules/get-proto
595 silly ADD node_modules/es-object-atoms
596 silly ADD node_modules/es-define-property
597 silly ADD node_modules/function-bind
598 silly ADD node_modules/call-bind-apply-helpers
599 silly ADD node_modules/get-intrinsic
600 silly ADD node_modules/call-bound
601 silly ADD node_modules/side-channel-weakmap
602 silly ADD node_modules/side-channel-map
603 silly ADD node_modules/side-channel-list
604 silly ADD node_modules/object-inspect
605 silly ADD node_modules/es-errors
606 silly ADD node_modules/path-to-regexp
607 silly ADD node_modules/is-promise
608 silly ADD node_modules/util-deprecate
609 silly ADD node_modules/string_decoder
610 silly ADD node_modules/unpipe
611 silly ADD node_modules/side-channel
612 silly ADD node_modules/ipaddr.js
613 silly ADD node_modules/forwarded
614 silly ADD node_modules/util
615 silly ADD node_modules/util/node_modules/inherits
616 silly ADD node_modules/process
617 silly ADD node_modules/wrappy
618 silly ADD node_modules/ee-first
619 silly ADD node_modules/minimist
620 silly ADD node_modules/typedarray
621 silly ADD node_modules/readable-stream
622 silly ADD node_modules/buffer-from
623 silly ADD node_modules/streamsearch
624 silly ADD node_modules/xtend
625 silly ADD node_modules/mkdirp
626 silly ADD node_modules/concat-stream
627 silly ADD node_modules/busboy
628 silly ADD node_modules/append-field
629 silly ADD node_modules/mime-db
630 silly ADD node_modules/safer-buffer
631 silly ADD node_modules/toidentifier
632 silly ADD node_modules/setprototypeof
633 silly ADD node_modules/inherits
634 silly ADD node_modules/depd
635 silly ADD node_modules/ms
636 silly ADD node_modules/safe-buffer
637 silly ADD node_modules/raw-body
638 silly ADD node_modules/iconv-lite
639 silly ADD node_modules/bytes
640 silly ADD node_modules/negotiator
641 silly ADD node_modules/type-is
642 silly ADD node_modules/statuses
643 silly ADD node_modules/serve-static
644 silly ADD node_modules/send
645 silly ADD node_modules/router
646 silly ADD node_modules/range-parser
647 silly ADD node_modules/qs
648 silly ADD node_modules/proxy-addr
649 silly ADD node_modules/parseurl
650 silly ADD node_modules/once
651 silly ADD node_modules/on-finished
652 silly ADD node_modules/mime-types
653 silly ADD node_modules/merge-descriptors
654 silly ADD node_modules/http-errors
655 silly ADD node_modules/http-errors/node_modules/statuses
656 silly ADD node_modules/fresh
657 silly ADD node_modules/finalhandler
658 silly ADD node_modules/etag
659 silly ADD node_modules/escape-html
660 silly ADD node_modules/encodeurl
661 silly ADD node_modules/debug
662 silly ADD node_modules/cookie-signature
663 silly ADD node_modules/cookie
664 silly ADD node_modules/content-type
665 silly ADD node_modules/content-disposition
666 silly ADD node_modules/body-parser
667 silly ADD node_modules/accepts
668 silly ADD node_modules/vary
669 silly ADD node_modules/object-assign
670 silly ADD node_modules/path
671 silly ADD node_modules/multer
672 silly ADD node_modules/multer/node_modules/mime-db
673 silly ADD node_modules/multer/node_modules/mime-types
674 silly ADD node_modules/multer/node_modules/media-typer
675 silly ADD node_modules/multer/node_modules/type-is
676 silly ADD node_modules/fs
677 silly ADD node_modules/express
678 silly ADD node_modules/cors
679 verbose cwd /data/data/com.termux/files/home/verumomnis/backend
680 verbose os Linux 5.15.153-android13-3-31153516
681 verbose node v24.2.0
682 verbose npm  v11.3.0
683 verbose exit 0
684 info ok
