0 verbose cli /data/data/com.termux/files/usr/bin/node /data/data/com.termux/files/usr/bin/npm
1 info using npm@11.3.0
2 info using node@v24.2.0
3 silly config load:file:/data/data/com.termux/files/usr/lib/node_modules/npm/npmrc
4 silly config load:file:/data/data/com.termux/files/home/.npmrc
5 silly config load:file:/data/data/com.termux/files/usr/etc/npmrc
6 verbose title npm install serve
7 verbose argv "install" "--global" "serve"
8 verbose logfile logs-max:10 dir:/data/data/com.termux/files/home/.npm/_logs/2025-07-04T11_45_39_283Z-
9 verbose logfile /data/data/com.termux/files/home/.npm/_logs/2025-07-04T11_45_39_283Z-debug-0.log
10 silly packumentCache heap:1174405120 maxSize:293601280 maxEntrySize:146800640
11 silly logfile done cleaning log files
12 silly idealTree buildDeps
13 silly fetch manifest serve@*
14 silly packumentCache full:https://registry.npmjs.org/serve cache-miss
15 http fetch GET 200 https://registry.npmjs.org/serve 1208ms (cache miss)
16 silly packumentCache full:https://registry.npmjs.org/serve set size:undefined disposed:false
17 silly placeDep ROOT serve@14.2.4 OK for:  want: *
18 silly fetch manifest ajv@8.12.0
19 silly packumentCache full:https://registry.npmjs.org/ajv cache-miss
20 silly fetch manifest arg@5.0.2
21 silly packumentCache full:https://registry.npmjs.org/arg cache-miss
22 silly fetch manifest boxen@7.0.0
23 silly packumentCache full:https://registry.npmjs.org/boxen cache-miss
24 silly fetch manifest chalk@5.0.1
25 silly packumentCache full:https://registry.npmjs.org/chalk cache-miss
26 silly fetch manifest clipboardy@3.0.0
27 silly packumentCache full:https://registry.npmjs.org/clipboardy cache-miss
28 silly fetch manifest compression@1.7.4
29 silly packumentCache full:https://registry.npmjs.org/compression cache-miss
30 http fetch GET 200 https://registry.npmjs.org/boxen 175ms (cache miss)
31 silly packumentCache full:https://registry.npmjs.org/boxen set size:undefined disposed:false
32 silly fetch manifest update-check@1.5.4
33 silly packumentCache full:https://registry.npmjs.org/update-check cache-miss
34 http fetch GET 200 https://registry.npmjs.org/chalk 649ms (cache revalidated)
35 silly packumentCache full:https://registry.npmjs.org/chalk set size:122561 disposed:false
36 silly fetch manifest @zeit/schemas@2.36.0
37 silly packumentCache full:https://registry.npmjs.org/@zeit%2fschemas cache-miss
38 http fetch GET 200 https://registry.npmjs.org/compression 659ms (cache revalidated)
39 silly packumentCache full:https://registry.npmjs.org/compression set size:96140 disposed:false
40 silly fetch manifest serve-handler@6.1.6
41 silly packumentCache full:https://registry.npmjs.org/serve-handler cache-miss
42 http fetch GET 200 https://registry.npmjs.org/arg 679ms (cache revalidated)
43 silly packumentCache full:https://registry.npmjs.org/arg set size:67251 disposed:false
44 silly fetch manifest chalk-template@0.4.0
45 silly packumentCache full:https://registry.npmjs.org/chalk-template cache-miss
46 http fetch GET 200 https://registry.npmjs.org/update-check 499ms (cache miss)
47 silly packumentCache full:https://registry.npmjs.org/update-check set size:undefined disposed:false
48 silly fetch manifest is-port-reachable@4.0.0
49 silly packumentCache full:https://registry.npmjs.org/is-port-reachable cache-miss
50 http fetch GET 200 https://registry.npmjs.org/ajv 693ms (cache revalidated)
51 silly packumentCache full:https://registry.npmjs.org/ajv set size:1126055 disposed:false
52 http fetch GET 200 https://registry.npmjs.org/clipboardy 805ms (cache miss)
53 silly packumentCache full:https://registry.npmjs.org/clipboardy set size:undefined disposed:false
54 http fetch GET 200 https://registry.npmjs.org/chalk-template 280ms (cache miss)
55 silly packumentCache full:https://registry.npmjs.org/chalk-template set size:undefined disposed:false
56 http fetch GET 200 https://registry.npmjs.org/serve-handler 509ms (cache miss)
57 silly packumentCache full:https://registry.npmjs.org/serve-handler set size:undefined disposed:false
58 http fetch GET 200 https://registry.npmjs.org/@zeit%2fschemas 749ms (cache miss)
59 silly packumentCache full:https://registry.npmjs.org/@zeit%2fschemas set size:undefined disposed:false
60 http fetch GET 200 https://registry.npmjs.org/is-port-reachable 1108ms (cache miss)
61 silly packumentCache full:https://registry.npmjs.org/is-port-reachable set size:undefined disposed:false
62 silly placeDep node_modules/serve @zeit/schemas@2.36.0 OK for: serve@14.2.4 want: 2.36.0
63 silly placeDep node_modules/serve ajv@8.12.0 OK for: serve@14.2.4 want: 8.12.0
64 silly placeDep node_modules/serve arg@5.0.2 OK for: serve@14.2.4 want: 5.0.2
65 silly placeDep node_modules/serve boxen@7.0.0 OK for: serve@14.2.4 want: 7.0.0
66 silly placeDep node_modules/serve chalk@5.0.1 OK for: serve@14.2.4 want: 5.0.1
67 silly placeDep node_modules/serve chalk-template@0.4.0 OK for: serve@14.2.4 want: 0.4.0
68 silly placeDep node_modules/serve clipboardy@3.0.0 OK for: serve@14.2.4 want: 3.0.0
69 silly placeDep node_modules/serve compression@1.7.4 OK for: serve@14.2.4 want: 1.7.4
70 silly placeDep node_modules/serve is-port-reachable@4.0.0 OK for: serve@14.2.4 want: 4.0.0
71 silly placeDep node_modules/serve serve-handler@6.1.6 OK for: serve@14.2.4 want: 6.1.6
72 silly placeDep node_modules/serve update-check@1.5.4 OK for: serve@14.2.4 want: 1.5.4
73 silly fetch manifest uri-js@^4.2.2
74 silly packumentCache full:https://registry.npmjs.org/uri-js cache-miss
75 silly fetch manifest fast-deep-equal@^3.1.1
76 silly packumentCache full:https://registry.npmjs.org/fast-deep-equal cache-miss
77 silly fetch manifest require-from-string@^2.0.2
78 silly packumentCache full:https://registry.npmjs.org/require-from-string cache-miss
79 silly fetch manifest json-schema-traverse@^1.0.0
80 silly packumentCache full:https://registry.npmjs.org/json-schema-traverse cache-miss
81 silly fetch manifest chalk@^5.0.1
82 silly packumentCache full:https://registry.npmjs.org/chalk cache-hit
83 silly fetch manifest camelcase@^7.0.0
84 silly packumentCache full:https://registry.npmjs.org/camelcase cache-miss
85 silly fetch manifest cli-boxes@^3.0.0
86 silly packumentCache full:https://registry.npmjs.org/cli-boxes cache-miss
87 http fetch GET 200 https://registry.npmjs.org/require-from-string 79ms (cache revalidated)
88 silly packumentCache full:https://registry.npmjs.org/require-from-string set size:15128 disposed:false
89 silly fetch manifest type-fest@^2.13.0
90 silly packumentCache full:https://registry.npmjs.org/type-fest cache-miss
91 http fetch GET 200 https://registry.npmjs.org/fast-deep-equal 172ms (cache revalidated)
92 silly packumentCache full:https://registry.npmjs.org/fast-deep-equal set size:48634 disposed:false
93 silly fetch manifest wrap-ansi@^8.0.1
94 silly packumentCache full:https://registry.npmjs.org/wrap-ansi cache-miss
95 http fetch GET 200 https://registry.npmjs.org/json-schema-traverse 178ms (cache revalidated)
96 silly packumentCache full:https://registry.npmjs.org/json-schema-traverse set size:23537 disposed:false
97 silly fetch manifest ansi-align@^3.0.1
98 silly packumentCache full:https://registry.npmjs.org/ansi-align cache-miss
99 http fetch GET 200 https://registry.npmjs.org/camelcase 183ms (cache revalidated)
100 silly packumentCache full:https://registry.npmjs.org/camelcase set size:57059 disposed:false
101 silly fetch manifest widest-line@^4.0.1
102 silly packumentCache full:https://registry.npmjs.org/widest-line cache-miss
103 http fetch GET 200 https://registry.npmjs.org/cli-boxes 190ms (cache miss)
104 silly packumentCache full:https://registry.npmjs.org/cli-boxes set size:undefined disposed:false
105 silly fetch manifest string-width@^5.1.2
106 silly packumentCache full:https://registry.npmjs.org/string-width cache-miss
107 http fetch GET 200 https://registry.npmjs.org/type-fest 116ms (cache revalidated)
108 silly packumentCache full:https://registry.npmjs.org/type-fest set size:526878 disposed:false
109 silly fetch manifest chalk@^4.1.2
110 silly packumentCache full:https://registry.npmjs.org/chalk cache-hit
111 silly fetch manifest arch@^2.2.0
112 silly packumentCache full:https://registry.npmjs.org/arch cache-miss
113 http fetch GET 200 https://registry.npmjs.org/uri-js 268ms (cache revalidated)
114 silly packumentCache full:https://registry.npmjs.org/uri-js set size:42559 disposed:false
115 silly fetch manifest execa@^5.1.1
116 silly packumentCache full:https://registry.npmjs.org/execa cache-miss
117 http fetch GET 200 https://registry.npmjs.org/ansi-align 119ms (cache miss)
118 silly packumentCache full:https://registry.npmjs.org/ansi-align set size:undefined disposed:false
119 silly fetch manifest is-wsl@^2.2.0
120 silly packumentCache full:https://registry.npmjs.org/is-wsl cache-miss
121 http fetch GET 200 https://registry.npmjs.org/string-width 256ms (cache revalidated)
122 silly packumentCache full:https://registry.npmjs.org/string-width set size:61460 disposed:false
123 silly fetch manifest vary@~1.1.2
124 silly packumentCache full:https://registry.npmjs.org/vary cache-miss
125 http fetch GET 200 https://registry.npmjs.org/wrap-ansi 294ms (cache revalidated)
126 silly packumentCache full:https://registry.npmjs.org/wrap-ansi set size:51143 disposed:false
127 silly fetch manifest bytes@3.0.0
128 silly packumentCache full:https://registry.npmjs.org/bytes cache-miss
129 http fetch GET 200 https://registry.npmjs.org/execa 210ms (cache revalidated)
130 silly packumentCache full:https://registry.npmjs.org/execa set size:177223 disposed:false
131 silly fetch manifest debug@2.6.9
132 silly packumentCache full:https://registry.npmjs.org/debug cache-miss
133 http fetch GET 200 https://registry.npmjs.org/is-wsl 195ms (cache revalidated)
134 silly packumentCache full:https://registry.npmjs.org/is-wsl set size:18741 disposed:false
135 silly fetch manifest accepts@~1.3.5
136 silly packumentCache full:https://registry.npmjs.org/accepts cache-miss
137 http fetch GET 200 https://registry.npmjs.org/widest-line 319ms (cache miss)
138 silly packumentCache full:https://registry.npmjs.org/widest-line set size:undefined disposed:false
139 silly fetch manifest on-headers@~1.0.2
140 silly packumentCache full:https://registry.npmjs.org/on-headers cache-miss
141 http fetch GET 200 https://registry.npmjs.org/vary 110ms (cache revalidated)
142 silly packumentCache full:https://registry.npmjs.org/vary set size:16018 disposed:false
143 silly fetch manifest safe-buffer@5.1.2
144 silly packumentCache full:https://registry.npmjs.org/safe-buffer cache-miss
145 http fetch GET 200 https://registry.npmjs.org/debug 86ms (cache revalidated)
146 silly packumentCache full:https://registry.npmjs.org/debug set size:193521 disposed:false
147 silly fetch manifest compressible@~2.0.16
148 silly packumentCache full:https://registry.npmjs.org/compressible cache-miss
149 http fetch GET 200 https://registry.npmjs.org/bytes 104ms (cache revalidated)
150 silly packumentCache full:https://registry.npmjs.org/bytes set size:37018 disposed:false
151 silly fetch manifest minimatch@3.1.2
152 silly packumentCache full:https://registry.npmjs.org/minimatch cache-miss
153 http fetch GET 200 https://registry.npmjs.org/accepts 85ms (cache revalidated)
154 silly packumentCache full:https://registry.npmjs.org/accepts set size:77054 disposed:false
155 silly fetch manifest mime-types@2.1.18
156 silly packumentCache full:https://registry.npmjs.org/mime-types cache-miss
157 http fetch GET 200 https://registry.npmjs.org/on-headers 80ms (cache revalidated)
158 silly packumentCache full:https://registry.npmjs.org/on-headers set size:10962 disposed:false
159 silly fetch manifest range-parser@1.2.0
160 silly packumentCache full:https://registry.npmjs.org/range-parser cache-miss
161 http fetch GET 200 https://registry.npmjs.org/arch 423ms (cache miss)
162 silly packumentCache full:https://registry.npmjs.org/arch set size:undefined disposed:false
163 silly fetch manifest path-is-inside@1.0.2
164 silly packumentCache full:https://registry.npmjs.org/path-is-inside cache-miss
165 http fetch GET 200 https://registry.npmjs.org/safe-buffer 182ms (cache revalidated)
166 silly packumentCache full:https://registry.npmjs.org/safe-buffer set size:41183 disposed:false
167 silly fetch manifest path-to-regexp@3.3.0
168 silly packumentCache full:https://registry.npmjs.org/path-to-regexp cache-miss
169 http fetch GET 200 https://registry.npmjs.org/compressible 186ms (cache revalidated)
170 silly packumentCache full:https://registry.npmjs.org/compressible set size:61733 disposed:false
171 silly fetch manifest content-disposition@0.5.2
172 silly packumentCache full:https://registry.npmjs.org/content-disposition cache-miss
173 http fetch GET 200 https://registry.npmjs.org/path-is-inside 144ms (cache miss)
174 silly packumentCache full:https://registry.npmjs.org/path-is-inside set size:undefined disposed:false
175 silly fetch manifest registry-auth-token@3.3.2
176 silly packumentCache full:https://registry.npmjs.org/registry-auth-token cache-miss
177 http fetch GET 200 https://registry.npmjs.org/range-parser 216ms (cache revalidated)
178 silly packumentCache full:https://registry.npmjs.org/range-parser set size:22228 disposed:false
179 silly fetch manifest registry-url@3.1.0
180 silly packumentCache full:https://registry.npmjs.org/registry-url cache-miss
181 http fetch GET 200 https://registry.npmjs.org/content-disposition 165ms (cache revalidated)
182 silly packumentCache full:https://registry.npmjs.org/content-disposition set size:26893 disposed:false
183 http fetch GET 200 https://registry.npmjs.org/path-to-regexp 177ms (cache revalidated)
184 silly packumentCache full:https://registry.npmjs.org/path-to-regexp set size:196503 disposed:false
185 http fetch GET 200 https://registry.npmjs.org/mime-types 386ms (cache revalidated)
186 silly packumentCache full:https://registry.npmjs.org/mime-types set size:136716 disposed:false
187 http fetch GET 200 https://registry.npmjs.org/registry-url 172ms (cache miss)
188 silly packumentCache full:https://registry.npmjs.org/registry-url set size:undefined disposed:false
189 http fetch GET 200 https://registry.npmjs.org/registry-auth-token 202ms (cache miss)
190 silly packumentCache full:https://registry.npmjs.org/registry-auth-token set size:undefined disposed:false
191 http fetch GET 200 https://registry.npmjs.org/minimatch 406ms (cache revalidated)
192 silly packumentCache full:https://registry.npmjs.org/minimatch set size:298903 disposed:false
193 silly placeDep node_modules/serve fast-deep-equal@3.1.3 OK for: ajv@8.12.0 want: ^3.1.1
194 silly placeDep node_modules/serve json-schema-traverse@1.0.0 OK for: ajv@8.12.0 want: ^1.0.0
195 silly placeDep node_modules/serve require-from-string@2.0.2 OK for: ajv@8.12.0 want: ^2.0.2
196 silly placeDep node_modules/serve uri-js@4.4.1 OK for: ajv@8.12.0 want: ^4.2.2
197 silly fetch manifest punycode@^2.1.0
198 silly packumentCache full:https://registry.npmjs.org/punycode cache-miss
199 http fetch GET 200 https://registry.npmjs.org/punycode 79ms (cache revalidated)
200 silly packumentCache full:https://registry.npmjs.org/punycode set size:61302 disposed:false
201 silly placeDep node_modules/serve ansi-align@3.0.1 OK for: boxen@7.0.0 want: ^3.0.1
202 silly placeDep node_modules/serve camelcase@7.0.1 OK for: boxen@7.0.0 want: ^7.0.0
203 silly placeDep node_modules/serve cli-boxes@3.0.0 OK for: boxen@7.0.0 want: ^3.0.0
204 silly placeDep node_modules/serve string-width@5.1.2 OK for: boxen@7.0.0 want: ^5.1.2
205 silly placeDep node_modules/serve type-fest@2.19.0 OK for: boxen@7.0.0 want: ^2.13.0
206 silly placeDep node_modules/serve widest-line@4.0.1 OK for: boxen@7.0.0 want: ^4.0.1
207 silly placeDep node_modules/serve wrap-ansi@8.1.0 OK for: boxen@7.0.0 want: ^8.0.1
208 silly fetch manifest string-width@^4.1.0
209 silly packumentCache full:https://registry.npmjs.org/string-width cache-hit
210 silly fetch manifest strip-ansi@^7.0.1
211 silly packumentCache full:https://registry.npmjs.org/strip-ansi cache-miss
212 silly fetch manifest emoji-regex@^9.2.2
213 silly packumentCache full:https://registry.npmjs.org/emoji-regex cache-miss
214 silly fetch manifest eastasianwidth@^0.2.0
215 silly packumentCache full:https://registry.npmjs.org/eastasianwidth cache-miss
216 silly fetch manifest ansi-styles@^6.1.0
217 silly packumentCache full:https://registry.npmjs.org/ansi-styles cache-miss
218 silly fetch manifest strip-ansi@^7.0.1
219 silly packumentCache full:https://registry.npmjs.org/strip-ansi cache-miss
220 http fetch GET 200 https://registry.npmjs.org/strip-ansi 93ms (cache revalidated)
221 silly packumentCache full:https://registry.npmjs.org/strip-ansi set size:43180 disposed:false
222 http fetch GET 200 https://registry.npmjs.org/strip-ansi 104ms (cache revalidated)
223 silly packumentCache full:https://registry.npmjs.org/strip-ansi set size:43180 disposed:false
224 silly packumentCache full:https://registry.npmjs.org/strip-ansi dispose
225 http fetch GET 200 https://registry.npmjs.org/eastasianwidth 107ms (cache revalidated)
226 silly packumentCache full:https://registry.npmjs.org/eastasianwidth set size:7890 disposed:false
227 http fetch GET 200 https://registry.npmjs.org/ansi-styles 108ms (cache revalidated)
228 silly packumentCache full:https://registry.npmjs.org/ansi-styles set size:66356 disposed:false
229 http fetch GET 200 https://registry.npmjs.org/emoji-regex 264ms (cache revalidated)
230 silly packumentCache full:https://registry.npmjs.org/emoji-regex set size:85187 disposed:false
231 silly placeDep node_modules/serve/node_modules/ansi-align string-width@4.2.3 OK for: ansi-align@3.0.1 want: ^4.1.0
232 silly fetch manifest strip-ansi@^6.0.1
233 silly packumentCache full:https://registry.npmjs.org/strip-ansi cache-hit
234 silly fetch manifest emoji-regex@^8.0.0
235 silly packumentCache full:https://registry.npmjs.org/emoji-regex cache-hit
236 silly fetch manifest is-fullwidth-code-point@^3.0.0
237 silly packumentCache full:https://registry.npmjs.org/is-fullwidth-code-point cache-miss
238 http fetch GET 200 https://registry.npmjs.org/is-fullwidth-code-point 127ms (cache revalidated)
239 silly packumentCache full:https://registry.npmjs.org/is-fullwidth-code-point set size:12553 disposed:false
240 silly placeDep node_modules/serve/node_modules/chalk-template chalk@4.1.2 OK for: chalk-template@0.4.0 want: ^4.1.2
241 silly fetch manifest ansi-styles@^4.1.0
242 silly packumentCache full:https://registry.npmjs.org/ansi-styles cache-hit
243 silly fetch manifest supports-color@^7.1.0
244 silly packumentCache full:https://registry.npmjs.org/supports-color cache-miss
245 http fetch GET 200 https://registry.npmjs.org/supports-color 167ms (cache revalidated)
246 silly packumentCache full:https://registry.npmjs.org/supports-color set size:115466 disposed:false
247 silly placeDep node_modules/serve arch@2.2.0 OK for: clipboardy@3.0.0 want: ^2.2.0
248 silly placeDep node_modules/serve execa@5.1.1 OK for: clipboardy@3.0.0 want: ^5.1.1
249 silly placeDep node_modules/serve is-wsl@2.2.0 OK for: clipboardy@3.0.0 want: ^2.2.0
250 silly fetch manifest onetime@^5.1.2
251 silly packumentCache full:https://registry.npmjs.org/onetime cache-miss
252 silly fetch manifest is-stream@^2.0.0
253 silly packumentCache full:https://registry.npmjs.org/is-stream cache-miss
254 silly fetch manifest get-stream@^6.0.0
255 silly packumentCache full:https://registry.npmjs.org/get-stream cache-miss
256 silly fetch manifest cross-spawn@^7.0.3
257 silly packumentCache full:https://registry.npmjs.org/cross-spawn cache-miss
258 silly fetch manifest signal-exit@^3.0.3
259 silly packumentCache full:https://registry.npmjs.org/signal-exit cache-miss
260 silly fetch manifest merge-stream@^2.0.0
261 silly packumentCache full:https://registry.npmjs.org/merge-stream cache-miss
262 http fetch GET 200 https://registry.npmjs.org/is-stream 93ms (cache revalidated)
263 silly packumentCache full:https://registry.npmjs.org/is-stream set size:18582 disposed:false
264 silly fetch manifest npm-run-path@^4.0.1
265 silly packumentCache full:https://registry.npmjs.org/npm-run-path cache-miss
266 http fetch GET 200 https://registry.npmjs.org/cross-spawn 100ms (cache revalidated)
267 silly packumentCache full:https://registry.npmjs.org/cross-spawn set size:109066 disposed:false
268 silly fetch manifest human-signals@^2.1.0
269 silly packumentCache full:https://registry.npmjs.org/human-signals cache-miss
270 http fetch GET 200 https://registry.npmjs.org/get-stream 106ms (cache revalidated)
271 silly packumentCache full:https://registry.npmjs.org/get-stream set size:57536 disposed:false
272 silly fetch manifest strip-final-newline@^2.0.0
273 silly packumentCache full:https://registry.npmjs.org/strip-final-newline cache-miss
274 http fetch GET 200 https://registry.npmjs.org/onetime 121ms (cache revalidated)
275 silly packumentCache full:https://registry.npmjs.org/onetime set size:30525 disposed:false
276 silly fetch manifest is-docker@^2.0.0
277 silly packumentCache full:https://registry.npmjs.org/is-docker cache-miss
278 http fetch GET 200 https://registry.npmjs.org/signal-exit 189ms (cache revalidated)
279 silly packumentCache full:https://registry.npmjs.org/signal-exit set size:53489 disposed:false
280 http fetch GET 200 https://registry.npmjs.org/merge-stream 218ms (cache revalidated)
281 silly packumentCache full:https://registry.npmjs.org/merge-stream set size:22168 disposed:false
282 http fetch GET 200 https://registry.npmjs.org/strip-final-newline 217ms (cache revalidated)
283 silly packumentCache full:https://registry.npmjs.org/strip-final-newline set size:9328 disposed:false
284 http fetch GET 200 https://registry.npmjs.org/human-signals 222ms (cache revalidated)
285 silly packumentCache full:https://registry.npmjs.org/human-signals set size:47322 disposed:false
286 http fetch GET 200 https://registry.npmjs.org/npm-run-path 236ms (cache revalidated)
287 silly packumentCache full:https://registry.npmjs.org/npm-run-path set size:33596 disposed:false
288 http fetch GET 200 https://registry.npmjs.org/is-docker 212ms (cache revalidated)
289 silly packumentCache full:https://registry.npmjs.org/is-docker set size:21642 disposed:false
290 silly placeDep node_modules/serve accepts@1.3.8 OK for: compression@1.7.4 want: ~1.3.5
291 silly placeDep node_modules/serve bytes@3.0.0 OK for: compression@1.7.4 want: 3.0.0
292 silly placeDep node_modules/serve compressible@2.0.18 OK for: compression@1.7.4 want: ~2.0.16
293 silly placeDep node_modules/serve debug@2.6.9 OK for: compression@1.7.4 want: 2.6.9
294 silly placeDep node_modules/serve on-headers@1.0.2 OK for: compression@1.7.4 want: ~1.0.2
295 silly placeDep node_modules/serve safe-buffer@5.1.2 OK for: compression@1.7.4 want: 5.1.2
296 silly placeDep node_modules/serve vary@1.1.2 OK for: compression@1.7.4 want: ~1.1.2
297 silly fetch manifest mime-types@~2.1.34
298 silly packumentCache full:https://registry.npmjs.org/mime-types cache-hit
299 silly fetch manifest negotiator@0.6.3
300 silly packumentCache full:https://registry.npmjs.org/negotiator cache-miss
301 silly fetch manifest mime-db@>= 1.43.0 < 2
302 silly packumentCache full:https://registry.npmjs.org/mime-db cache-miss
303 silly fetch manifest ms@2.0.0
304 silly packumentCache full:https://registry.npmjs.org/ms cache-miss
305 http fetch GET 200 https://registry.npmjs.org/ms 177ms (cache revalidated)
306 silly packumentCache full:https://registry.npmjs.org/ms set size:84883 disposed:false
307 http fetch GET 200 https://registry.npmjs.org/mime-db 253ms (cache revalidated)
308 silly packumentCache full:https://registry.npmjs.org/mime-db set size:164953 disposed:false
309 http fetch GET 200 https://registry.npmjs.org/negotiator 348ms (cache revalidated)
310 silly packumentCache full:https://registry.npmjs.org/negotiator set size:48046 disposed:false
311 silly placeDep node_modules/serve mime-types@2.1.35 OK for: accepts@1.3.8 want: ~2.1.34
312 silly placeDep node_modules/serve negotiator@0.6.3 OK for: accepts@1.3.8 want: 0.6.3
313 silly fetch manifest mime-db@1.52.0
314 silly packumentCache full:https://registry.npmjs.org/mime-db cache-hit
315 silly placeDep node_modules/serve mime-db@1.54.0 OK for: compressible@2.0.18 want: >= 1.43.0 < 2
316 silly placeDep node_modules/serve ms@2.0.0 OK for: debug@2.6.9 want: 2.0.0
317 silly placeDep node_modules/serve cross-spawn@7.0.6 OK for: execa@5.1.1 want: ^7.0.3
318 silly placeDep node_modules/serve get-stream@6.0.1 OK for: execa@5.1.1 want: ^6.0.0
319 silly placeDep node_modules/serve human-signals@2.1.0 OK for: execa@5.1.1 want: ^2.1.0
320 silly placeDep node_modules/serve is-stream@2.0.1 OK for: execa@5.1.1 want: ^2.0.0
321 silly placeDep node_modules/serve merge-stream@2.0.0 OK for: execa@5.1.1 want: ^2.0.0
322 silly placeDep node_modules/serve npm-run-path@4.0.1 OK for: execa@5.1.1 want: ^4.0.1
323 silly placeDep node_modules/serve onetime@5.1.2 OK for: execa@5.1.1 want: ^5.1.2
324 silly placeDep node_modules/serve signal-exit@3.0.7 OK for: execa@5.1.1 want: ^3.0.3
325 silly placeDep node_modules/serve strip-final-newline@2.0.0 OK for: execa@5.1.1 want: ^2.0.0
326 silly fetch manifest which@^2.0.1
327 silly packumentCache full:https://registry.npmjs.org/which cache-miss
328 silly fetch manifest path-key@^3.1.0
329 silly packumentCache full:https://registry.npmjs.org/path-key cache-miss
330 silly fetch manifest shebang-command@^2.0.0
331 silly packumentCache full:https://registry.npmjs.org/shebang-command cache-miss
332 silly fetch manifest path-key@^3.0.0
333 silly packumentCache full:https://registry.npmjs.org/path-key cache-miss
334 silly fetch manifest mimic-fn@^2.1.0
335 silly packumentCache full:https://registry.npmjs.org/mimic-fn cache-miss
336 http fetch GET 200 https://registry.npmjs.org/shebang-command 92ms (cache revalidated)
337 silly packumentCache full:https://registry.npmjs.org/shebang-command set size:8525 disposed:false
338 http fetch GET 200 https://registry.npmjs.org/path-key 109ms (cache revalidated)
339 silly packumentCache full:https://registry.npmjs.org/path-key set size:16975 disposed:false
340 http fetch GET 200 https://registry.npmjs.org/path-key 121ms (cache revalidated)
341 silly packumentCache full:https://registry.npmjs.org/path-key set size:16975 disposed:false
342 silly packumentCache full:https://registry.npmjs.org/path-key dispose
343 http fetch GET 200 https://registry.npmjs.org/mimic-fn 124ms (cache revalidated)
344 silly packumentCache full:https://registry.npmjs.org/mimic-fn set size:22257 disposed:false
345 http fetch GET 200 https://registry.npmjs.org/which 131ms (cache revalidated)
346 silly packumentCache full:https://registry.npmjs.org/which set size:62722 disposed:false
347 silly placeDep node_modules/serve path-key@3.1.1 OK for: cross-spawn@7.0.6 want: ^3.1.0
348 silly placeDep node_modules/serve shebang-command@2.0.0 OK for: cross-spawn@7.0.6 want: ^2.0.0
349 silly placeDep node_modules/serve which@2.0.2 OK for: cross-spawn@7.0.6 want: ^2.0.1
350 silly fetch manifest shebang-regex@^3.0.0
351 silly packumentCache full:https://registry.npmjs.org/shebang-regex cache-miss
352 silly fetch manifest isexe@^2.0.0
353 silly packumentCache full:https://registry.npmjs.org/isexe cache-miss
354 http fetch GET 200 https://registry.npmjs.org/shebang-regex 78ms (cache revalidated)
355 silly packumentCache full:https://registry.npmjs.org/shebang-regex set size:9763 disposed:false
356 http fetch GET 200 https://registry.npmjs.org/isexe 81ms (cache revalidated)
357 silly packumentCache full:https://registry.npmjs.org/isexe set size:19340 disposed:false
358 silly placeDep node_modules/serve is-docker@2.2.1 OK for: is-wsl@2.2.0 want: ^2.0.0
359 silly placeDep node_modules/serve/node_modules/mime-types mime-db@1.52.0 OK for: mime-types@2.1.35 want: 1.52.0
360 silly placeDep node_modules/serve mimic-fn@2.1.0 OK for: onetime@5.1.2 want: ^2.1.0
361 silly placeDep node_modules/serve content-disposition@0.5.2 OK for: serve-handler@6.1.6 want: 0.5.2
362 silly placeDep node_modules/serve/node_modules/serve-handler mime-types@2.1.18 OK for: serve-handler@6.1.6 want: 2.1.18
363 silly placeDep node_modules/serve minimatch@3.1.2 OK for: serve-handler@6.1.6 want: 3.1.2
364 silly placeDep node_modules/serve path-is-inside@1.0.2 OK for: serve-handler@6.1.6 want: 1.0.2
365 silly placeDep node_modules/serve path-to-regexp@3.3.0 OK for: serve-handler@6.1.6 want: 3.3.0
366 silly placeDep node_modules/serve range-parser@1.2.0 OK for: serve-handler@6.1.6 want: 1.2.0
367 silly fetch manifest mime-db@~1.33.0
368 silly packumentCache full:https://registry.npmjs.org/mime-db cache-hit
369 silly fetch manifest brace-expansion@^1.1.7
370 silly packumentCache full:https://registry.npmjs.org/brace-expansion cache-miss
371 http fetch GET 200 https://registry.npmjs.org/brace-expansion 140ms (cache revalidated)
372 silly packumentCache full:https://registry.npmjs.org/brace-expansion set size:46250 disposed:false
373 silly placeDep node_modules/serve brace-expansion@1.1.12 OK for: minimatch@3.1.2 want: ^1.1.7
374 silly fetch manifest balanced-match@^1.0.0
375 silly packumentCache full:https://registry.npmjs.org/balanced-match cache-miss
376 silly fetch manifest concat-map@0.0.1
377 silly packumentCache full:https://registry.npmjs.org/concat-map cache-miss
378 http fetch GET 200 https://registry.npmjs.org/balanced-match 105ms (cache revalidated)
379 silly packumentCache full:https://registry.npmjs.org/balanced-match set size:33860 disposed:false
380 http fetch GET 200 https://registry.npmjs.org/concat-map 129ms (cache revalidated)
381 silly packumentCache full:https://registry.npmjs.org/concat-map set size:9290 disposed:false
382 silly placeDep node_modules/serve balanced-match@1.0.2 OK for: brace-expansion@1.1.12 want: ^1.0.0
383 silly placeDep node_modules/serve concat-map@0.0.1 OK for: brace-expansion@1.1.12 want: 0.0.1
384 silly placeDep node_modules/serve shebang-regex@3.0.0 OK for: shebang-command@2.0.0 want: ^3.0.0
385 silly placeDep node_modules/serve eastasianwidth@0.2.0 OK for: string-width@5.1.2 want: ^0.2.0
386 silly placeDep node_modules/serve emoji-regex@9.2.2 OK for: string-width@5.1.2 want: ^9.2.2
387 silly placeDep node_modules/serve strip-ansi@7.1.0 OK for: string-width@5.1.2 want: ^7.0.1
388 silly fetch manifest ansi-regex@^6.0.1
389 silly packumentCache full:https://registry.npmjs.org/ansi-regex cache-miss
390 http fetch GET 200 https://registry.npmjs.org/ansi-regex 145ms (cache revalidated)
391 silly packumentCache full:https://registry.npmjs.org/ansi-regex set size:41869 disposed:false
392 silly placeDep node_modules/serve ansi-regex@6.1.0 OK for: strip-ansi@7.1.0 want: ^6.0.1
393 silly placeDep node_modules/serve registry-auth-token@3.3.2 OK for: update-check@1.5.4 want: 3.3.2
394 silly placeDep node_modules/serve registry-url@3.1.0 OK for: update-check@1.5.4 want: 3.1.0
395 silly fetch manifest rc@^1.1.6
396 silly packumentCache full:https://registry.npmjs.org/rc cache-miss
397 silly fetch manifest rc@^1.0.1
398 silly packumentCache full:https://registry.npmjs.org/rc cache-miss
399 http fetch GET 200 https://registry.npmjs.org/rc 190ms (cache miss)
400 silly packumentCache full:https://registry.npmjs.org/rc set size:undefined disposed:false
401 http fetch GET 200 https://registry.npmjs.org/rc 220ms (cache miss)
402 silly packumentCache full:https://registry.npmjs.org/rc set size:undefined disposed:false
403 silly placeDep node_modules/serve rc@1.2.8 OK for: registry-auth-token@3.3.2 want: ^1.1.6
404 silly fetch manifest ini@~1.3.0
405 silly packumentCache full:https://registry.npmjs.org/ini cache-miss
406 silly fetch manifest minimist@^1.2.0
407 silly packumentCache full:https://registry.npmjs.org/minimist cache-miss
408 silly fetch manifest deep-extend@^0.6.0
409 silly packumentCache full:https://registry.npmjs.org/deep-extend cache-miss
410 silly fetch manifest strip-json-comments@~2.0.1
411 silly packumentCache full:https://registry.npmjs.org/strip-json-comments cache-miss
412 http fetch GET 200 https://registry.npmjs.org/deep-extend 86ms (cache miss)
413 silly packumentCache full:https://registry.npmjs.org/deep-extend set size:undefined disposed:false
414 http fetch GET 200 https://registry.npmjs.org/strip-json-comments 119ms (cache revalidated)
415 silly packumentCache full:https://registry.npmjs.org/strip-json-comments set size:41580 disposed:false
416 http fetch GET 200 https://registry.npmjs.org/minimist 140ms (cache revalidated)
417 silly packumentCache full:https://registry.npmjs.org/minimist set size:77097 disposed:false
418 http fetch GET 200 https://registry.npmjs.org/ini 176ms (cache revalidated)
419 silly packumentCache full:https://registry.npmjs.org/ini set size:54653 disposed:false
420 silly placeDep node_modules/serve deep-extend@0.6.0 OK for: rc@1.2.8 want: ^0.6.0
421 silly placeDep node_modules/serve ini@1.3.8 OK for: rc@1.2.8 want: ~1.3.0
422 silly placeDep node_modules/serve minimist@1.2.8 OK for: rc@1.2.8 want: ^1.2.0
423 silly placeDep node_modules/serve strip-json-comments@2.0.1 OK for: rc@1.2.8 want: ~2.0.1
424 silly placeDep node_modules/serve punycode@2.3.1 OK for: uri-js@4.4.1 want: ^2.1.0
425 silly placeDep node_modules/serve isexe@2.0.0 OK for: which@2.0.2 want: ^2.0.0
426 silly placeDep node_modules/serve ansi-styles@6.2.1 OK for: wrap-ansi@8.1.0 want: ^6.1.0
427 silly placeDep node_modules/serve/node_modules/ansi-align emoji-regex@8.0.0 OK for: string-width@4.2.3 want: ^8.0.0
428 silly placeDep node_modules/serve is-fullwidth-code-point@3.0.0 OK for: string-width@4.2.3 want: ^3.0.0
429 silly placeDep node_modules/serve/node_modules/ansi-align strip-ansi@6.0.1 OK for: string-width@4.2.3 want: ^6.0.1
430 silly fetch manifest ansi-regex@^5.0.1
431 silly packumentCache full:https://registry.npmjs.org/ansi-regex cache-hit
432 silly placeDep node_modules/serve/node_modules/ansi-align ansi-regex@5.0.1 OK for: strip-ansi@6.0.1 want: ^5.0.1
433 silly placeDep node_modules/serve/node_modules/chalk-template ansi-styles@4.3.0 OK for: chalk@4.1.2 want: ^4.1.0
434 silly placeDep node_modules/serve supports-color@7.2.0 OK for: chalk@4.1.2 want: ^7.1.0
435 silly fetch manifest color-convert@^2.0.1
436 silly packumentCache full:https://registry.npmjs.org/color-convert cache-miss
437 silly fetch manifest has-flag@^4.0.0
438 silly packumentCache full:https://registry.npmjs.org/has-flag cache-miss
439 http fetch GET 200 https://registry.npmjs.org/has-flag 75ms (cache revalidated)
440 silly packumentCache full:https://registry.npmjs.org/has-flag set size:15180 disposed:false
441 http fetch GET 200 https://registry.npmjs.org/color-convert 81ms (cache revalidated)
442 silly packumentCache full:https://registry.npmjs.org/color-convert set size:68789 disposed:false
443 silly placeDep node_modules/serve has-flag@4.0.0 OK for: supports-color@7.2.0 want: ^4.0.0
444 silly placeDep node_modules/serve color-convert@2.0.1 OK for: ansi-styles@4.3.0 want: ^2.0.1
445 silly fetch manifest color-name@~1.1.4
446 silly packumentCache full:https://registry.npmjs.org/color-name cache-miss
447 http fetch GET 200 https://registry.npmjs.org/color-name 102ms (cache revalidated)
448 silly packumentCache full:https://registry.npmjs.org/color-name set size:16325 disposed:false
449 silly placeDep node_modules/serve color-name@1.1.4 OK for: color-convert@2.0.1 want: ~1.1.4
450 silly placeDep node_modules/serve/node_modules/serve-handler mime-db@1.33.0 OK for: mime-types@2.1.18 want: ~1.33.0
451 silly reify moves {}
452 http cache serve@https://registry.npmjs.org/serve/-/serve-14.2.4.tgz 0ms (cache hit)
453 http cache color-convert@https://registry.npmjs.org/color-convert/-/color-convert-2.0.1.tgz 0ms (cache hit)
454 http cache color-name@https://registry.npmjs.org/color-name/-/color-name-1.1.4.tgz 0ms (cache hit)
455 http cache has-flag@https://registry.npmjs.org/has-flag/-/has-flag-4.0.0.tgz 0ms (cache hit)
456 http cache is-fullwidth-code-point@https://registry.npmjs.org/is-fullwidth-code-point/-/is-fullwidth-code-point-3.0.0.tgz 0ms (cache hit)
457 http cache supports-color@https://registry.npmjs.org/supports-color/-/supports-color-7.2.0.tgz 0ms (cache hit)
458 http cache ansi-styles@https://registry.npmjs.org/ansi-styles/-/ansi-styles-6.2.1.tgz 0ms (cache hit)
459 http cache isexe@https://registry.npmjs.org/isexe/-/isexe-2.0.0.tgz 0ms (cache hit)
460 http cache punycode@https://registry.npmjs.org/punycode/-/punycode-2.3.1.tgz 0ms (cache hit)
461 http cache strip-json-comments@https://registry.npmjs.org/strip-json-comments/-/strip-json-comments-2.0.1.tgz 0ms (cache hit)
462 http cache minimist@https://registry.npmjs.org/minimist/-/minimist-1.2.8.tgz 0ms (cache hit)
463 http cache ini@https://registry.npmjs.org/ini/-/ini-1.3.8.tgz 0ms (cache hit)
464 http cache deep-extend@https://registry.npmjs.org/deep-extend/-/deep-extend-0.6.0.tgz 0ms (cache hit)
465 http cache registry-url@https://registry.npmjs.org/registry-url/-/registry-url-3.1.0.tgz 0ms (cache hit)
466 http cache rc@https://registry.npmjs.org/rc/-/rc-1.2.8.tgz 0ms (cache hit)
467 http cache registry-auth-token@https://registry.npmjs.org/registry-auth-token/-/registry-auth-token-3.3.2.tgz 0ms (cache hit)
468 http cache ansi-regex@https://registry.npmjs.org/ansi-regex/-/ansi-regex-6.1.0.tgz 0ms (cache hit)
469 http cache strip-ansi@https://registry.npmjs.org/strip-ansi/-/strip-ansi-7.1.0.tgz 0ms (cache hit)
470 http cache emoji-regex@https://registry.npmjs.org/emoji-regex/-/emoji-regex-9.2.2.tgz 0ms (cache hit)
471 http cache eastasianwidth@https://registry.npmjs.org/eastasianwidth/-/eastasianwidth-0.2.0.tgz 0ms (cache hit)
472 http cache shebang-regex@https://registry.npmjs.org/shebang-regex/-/shebang-regex-3.0.0.tgz 0ms (cache hit)
473 http cache concat-map@https://registry.npmjs.org/concat-map/-/concat-map-0.0.1.tgz 0ms (cache hit)
474 http cache balanced-match@https://registry.npmjs.org/balanced-match/-/balanced-match-1.0.2.tgz 0ms (cache hit)
475 http cache brace-expansion@https://registry.npmjs.org/brace-expansion/-/brace-expansion-1.1.12.tgz 0ms (cache hit)
476 http cache range-parser@https://registry.npmjs.org/range-parser/-/range-parser-1.2.0.tgz 0ms (cache hit)
477 http cache path-to-regexp@https://registry.npmjs.org/path-to-regexp/-/path-to-regexp-3.3.0.tgz 0ms (cache hit)
478 http cache path-is-inside@https://registry.npmjs.org/path-is-inside/-/path-is-inside-1.0.2.tgz 0ms (cache hit)
479 http cache minimatch@https://registry.npmjs.org/minimatch/-/minimatch-3.1.2.tgz 0ms (cache hit)
480 http cache content-disposition@https://registry.npmjs.org/content-disposition/-/content-disposition-0.5.2.tgz 0ms (cache hit)
481 http cache mimic-fn@https://registry.npmjs.org/mimic-fn/-/mimic-fn-2.1.0.tgz 0ms (cache hit)
482 http cache is-docker@https://registry.npmjs.org/is-docker/-/is-docker-2.2.1.tgz 0ms (cache hit)
483 http cache which@https://registry.npmjs.org/which/-/which-2.0.2.tgz 0ms (cache hit)
484 http cache shebang-command@https://registry.npmjs.org/shebang-command/-/shebang-command-2.0.0.tgz 0ms (cache hit)
485 http cache path-key@https://registry.npmjs.org/path-key/-/path-key-3.1.1.tgz 0ms (cache hit)
486 http cache strip-final-newline@https://registry.npmjs.org/strip-final-newline/-/strip-final-newline-2.0.0.tgz 0ms (cache hit)
487 http cache signal-exit@https://registry.npmjs.org/signal-exit/-/signal-exit-3.0.7.tgz 0ms (cache hit)
488 http cache onetime@https://registry.npmjs.org/onetime/-/onetime-5.1.2.tgz 0ms (cache hit)
489 http cache npm-run-path@https://registry.npmjs.org/npm-run-path/-/npm-run-path-4.0.1.tgz 0ms (cache hit)
490 http cache merge-stream@https://registry.npmjs.org/merge-stream/-/merge-stream-2.0.0.tgz 0ms (cache hit)
491 http cache is-stream@https://registry.npmjs.org/is-stream/-/is-stream-2.0.1.tgz 0ms (cache hit)
492 http cache human-signals@https://registry.npmjs.org/human-signals/-/human-signals-2.1.0.tgz 0ms (cache hit)
493 http cache get-stream@https://registry.npmjs.org/get-stream/-/get-stream-6.0.1.tgz 0ms (cache hit)
494 http cache cross-spawn@https://registry.npmjs.org/cross-spawn/-/cross-spawn-7.0.6.tgz 0ms (cache hit)
495 http cache ms@https://registry.npmjs.org/ms/-/ms-2.0.0.tgz 0ms (cache hit)
496 http cache mime-db@https://registry.npmjs.org/mime-db/-/mime-db-1.54.0.tgz 0ms (cache hit)
497 http cache negotiator@https://registry.npmjs.org/negotiator/-/negotiator-0.6.3.tgz 1ms (cache hit)
498 http cache mime-types@https://registry.npmjs.org/mime-types/-/mime-types-2.1.35.tgz 0ms (cache hit)
499 http cache mime-db@https://registry.npmjs.org/mime-db/-/mime-db-1.52.0.tgz 0ms (cache hit)
500 http cache vary@https://registry.npmjs.org/vary/-/vary-1.1.2.tgz 0ms (cache hit)
501 http cache safe-buffer@https://registry.npmjs.org/safe-buffer/-/safe-buffer-5.1.2.tgz 0ms (cache hit)
502 http cache on-headers@https://registry.npmjs.org/on-headers/-/on-headers-1.0.2.tgz 0ms (cache hit)
503 http cache debug@https://registry.npmjs.org/debug/-/debug-2.6.9.tgz 0ms (cache hit)
504 http cache compressible@https://registry.npmjs.org/compressible/-/compressible-2.0.18.tgz 0ms (cache hit)
505 http cache bytes@https://registry.npmjs.org/bytes/-/bytes-3.0.0.tgz 0ms (cache hit)
506 http cache accepts@https://registry.npmjs.org/accepts/-/accepts-1.3.8.tgz 0ms (cache hit)
507 http cache is-wsl@https://registry.npmjs.org/is-wsl/-/is-wsl-2.2.0.tgz 0ms (cache hit)
508 http cache execa@https://registry.npmjs.org/execa/-/execa-5.1.1.tgz 0ms (cache hit)
509 http cache arch@https://registry.npmjs.org/arch/-/arch-2.2.0.tgz 0ms (cache hit)
510 http cache wrap-ansi@https://registry.npmjs.org/wrap-ansi/-/wrap-ansi-8.1.0.tgz 0ms (cache hit)
511 http cache widest-line@https://registry.npmjs.org/widest-line/-/widest-line-4.0.1.tgz 0ms (cache hit)
512 http cache type-fest@https://registry.npmjs.org/type-fest/-/type-fest-2.19.0.tgz 0ms (cache hit)
513 http cache string-width@https://registry.npmjs.org/string-width/-/string-width-5.1.2.tgz 0ms (cache hit)
514 http cache cli-boxes@https://registry.npmjs.org/cli-boxes/-/cli-boxes-3.0.0.tgz 0ms (cache hit)
515 http cache camelcase@https://registry.npmjs.org/camelcase/-/camelcase-7.0.1.tgz 0ms (cache hit)
516 http cache ansi-align@https://registry.npmjs.org/ansi-align/-/ansi-align-3.0.1.tgz 0ms (cache hit)
517 http cache ansi-regex@https://registry.npmjs.org/ansi-regex/-/ansi-regex-5.0.1.tgz 0ms (cache hit)
518 http cache strip-ansi@https://registry.npmjs.org/strip-ansi/-/strip-ansi-6.0.1.tgz 0ms (cache hit)
519 http cache emoji-regex@https://registry.npmjs.org/emoji-regex/-/emoji-regex-8.0.0.tgz 0ms (cache hit)
520 http cache string-width@https://registry.npmjs.org/string-width/-/string-width-4.2.3.tgz 0ms (cache hit)
521 http cache uri-js@https://registry.npmjs.org/uri-js/-/uri-js-4.4.1.tgz 0ms (cache hit)
522 http cache require-from-string@https://registry.npmjs.org/require-from-string/-/require-from-string-2.0.2.tgz 0ms (cache hit)
523 http cache json-schema-traverse@https://registry.npmjs.org/json-schema-traverse/-/json-schema-traverse-1.0.0.tgz 0ms (cache hit)
524 http cache fast-deep-equal@https://registry.npmjs.org/fast-deep-equal/-/fast-deep-equal-3.1.3.tgz 0ms (cache hit)
525 http cache update-check@https://registry.npmjs.org/update-check/-/update-check-1.5.4.tgz 0ms (cache hit)
526 http cache serve-handler@https://registry.npmjs.org/serve-handler/-/serve-handler-6.1.6.tgz 0ms (cache hit)
527 http cache mime-db@https://registry.npmjs.org/mime-db/-/mime-db-1.33.0.tgz 0ms (cache hit)
528 http cache mime-types@https://registry.npmjs.org/mime-types/-/mime-types-2.1.18.tgz 0ms (cache hit)
529 http cache is-port-reachable@https://registry.npmjs.org/is-port-reachable/-/is-port-reachable-4.0.0.tgz 0ms (cache hit)
530 http cache compression@https://registry.npmjs.org/compression/-/compression-1.7.4.tgz 0ms (cache hit)
531 http cache clipboardy@https://registry.npmjs.org/clipboardy/-/clipboardy-3.0.0.tgz 0ms (cache hit)
532 http cache chalk-template@https://registry.npmjs.org/chalk-template/-/chalk-template-0.4.0.tgz 0ms (cache hit)
533 http cache ansi-styles@https://registry.npmjs.org/ansi-styles/-/ansi-styles-4.3.0.tgz 0ms (cache hit)
534 http cache chalk@https://registry.npmjs.org/chalk/-/chalk-4.1.2.tgz 0ms (cache hit)
535 http cache chalk@https://registry.npmjs.org/chalk/-/chalk-5.0.1.tgz 0ms (cache hit)
536 http cache boxen@https://registry.npmjs.org/boxen/-/boxen-7.0.0.tgz 0ms (cache hit)
537 http cache arg@https://registry.npmjs.org/arg/-/arg-5.0.2.tgz 0ms (cache hit)
538 http cache ajv@https://registry.npmjs.org/ajv/-/ajv-8.12.0.tgz 0ms (cache hit)
539 http cache @zeit/schemas@https://registry.npmjs.org/@zeit/schemas/-/schemas-2.36.0.tgz 0ms (cache hit)
540 silly tarball no local data for serve@https://registry.npmjs.org/serve/-/serve-14.2.4.tgz. Extracting by manifest.
541 silly tarball no local data for strip-json-comments@https://registry.npmjs.org/strip-json-comments/-/strip-json-comments-2.0.1.tgz. Extracting by manifest.
542 silly tarball no local data for registry-url@https://registry.npmjs.org/registry-url/-/registry-url-3.1.0.tgz. Extracting by manifest.
543 silly tarball no local data for deep-extend@https://registry.npmjs.org/deep-extend/-/deep-extend-0.6.0.tgz. Extracting by manifest.
544 silly tarball no local data for registry-auth-token@https://registry.npmjs.org/registry-auth-token/-/registry-auth-token-3.3.2.tgz. Extracting by manifest.
545 silly tarball no local data for rc@https://registry.npmjs.org/rc/-/rc-1.2.8.tgz. Extracting by manifest.
546 silly tarball no local data for path-to-regexp@https://registry.npmjs.org/path-to-regexp/-/path-to-regexp-3.3.0.tgz. Extracting by manifest.
547 silly tarball no local data for path-is-inside@https://registry.npmjs.org/path-is-inside/-/path-is-inside-1.0.2.tgz. Extracting by manifest.
548 silly tarball no local data for content-disposition@https://registry.npmjs.org/content-disposition/-/content-disposition-0.5.2.tgz. Extracting by manifest.
549 silly tarball no local data for range-parser@https://registry.npmjs.org/range-parser/-/range-parser-1.2.0.tgz. Extracting by manifest.
550 silly tarball no local data for mime-db@https://registry.npmjs.org/mime-db/-/mime-db-1.54.0.tgz. Extracting by manifest.
551 silly tarball no local data for bytes@https://registry.npmjs.org/bytes/-/bytes-3.0.0.tgz. Extracting by manifest.
552 silly tarball no local data for arch@https://registry.npmjs.org/arch/-/arch-2.2.0.tgz. Extracting by manifest.
553 silly tarball no local data for widest-line@https://registry.npmjs.org/widest-line/-/widest-line-4.0.1.tgz. Extracting by manifest.
554 silly tarball no local data for type-fest@https://registry.npmjs.org/type-fest/-/type-fest-2.19.0.tgz. Extracting by manifest.
555 silly tarball no local data for cli-boxes@https://registry.npmjs.org/cli-boxes/-/cli-boxes-3.0.0.tgz. Extracting by manifest.
556 silly tarball no local data for camelcase@https://registry.npmjs.org/camelcase/-/camelcase-7.0.1.tgz. Extracting by manifest.
557 silly tarball no local data for ansi-align@https://registry.npmjs.org/ansi-align/-/ansi-align-3.0.1.tgz. Extracting by manifest.
558 silly tarball no local data for serve-handler@https://registry.npmjs.org/serve-handler/-/serve-handler-6.1.6.tgz. Extracting by manifest.
559 silly tarball no local data for mime-db@https://registry.npmjs.org/mime-db/-/mime-db-1.33.0.tgz. Extracting by manifest.
560 silly tarball no local data for is-port-reachable@https://registry.npmjs.org/is-port-reachable/-/is-port-reachable-4.0.0.tgz. Extracting by manifest.
561 silly tarball no local data for mime-types@https://registry.npmjs.org/mime-types/-/mime-types-2.1.18.tgz. Extracting by manifest.
562 silly tarball no local data for chalk-template@https://registry.npmjs.org/chalk-template/-/chalk-template-0.4.0.tgz. Extracting by manifest.
563 silly tarball no local data for compression@https://registry.npmjs.org/compression/-/compression-1.7.4.tgz. Extracting by manifest.
564 silly tarball no local data for clipboardy@https://registry.npmjs.org/clipboardy/-/clipboardy-3.0.0.tgz. Extracting by manifest.
565 silly tarball no local data for chalk@https://registry.npmjs.org/chalk/-/chalk-5.0.1.tgz. Extracting by manifest.
566 silly tarball no local data for boxen@https://registry.npmjs.org/boxen/-/boxen-7.0.0.tgz. Extracting by manifest.
567 silly tarball no local data for @zeit/schemas@https://registry.npmjs.org/@zeit/schemas/-/schemas-2.36.0.tgz. Extracting by manifest.
568 silly tarball no local data for ajv@https://registry.npmjs.org/ajv/-/ajv-8.12.0.tgz. Extracting by manifest.
569 silly tarball no local data for update-check@https://registry.npmjs.org/update-check/-/update-check-1.5.4.tgz. Extracting by manifest.
570 http fetch GET 200 https://registry.npmjs.org/registry-url/-/registry-url-3.1.0.tgz 466ms (cache miss)
571 http fetch GET 200 https://registry.npmjs.org/strip-json-comments/-/strip-json-comments-2.0.1.tgz 470ms (cache miss)
572 http fetch GET 200 https://registry.npmjs.org/deep-extend/-/deep-extend-0.6.0.tgz 469ms (cache miss)
573 http fetch GET 200 https://registry.npmjs.org/serve/-/serve-14.2.4.tgz 479ms (cache miss)
574 http fetch GET 200 https://registry.npmjs.org/registry-auth-token/-/registry-auth-token-3.3.2.tgz 473ms (cache miss)
575 http fetch GET 200 https://registry.npmjs.org/rc/-/rc-1.2.8.tgz 477ms (cache miss)
576 http fetch GET 200 https://registry.npmjs.org/is-port-reachable/-/is-port-reachable-4.0.0.tgz 452ms (cache miss)
577 http fetch GET 200 https://registry.npmjs.org/arch/-/arch-2.2.0.tgz 469ms (cache miss)
578 http fetch GET 200 https://registry.npmjs.org/widest-line/-/widest-line-4.0.1.tgz 470ms (cache miss)
579 http fetch GET 200 https://registry.npmjs.org/ansi-align/-/ansi-align-3.0.1.tgz 471ms (cache miss)
580 http fetch GET 200 https://registry.npmjs.org/serve-handler/-/serve-handler-6.1.6.tgz 469ms (cache miss)
581 http fetch GET 200 https://registry.npmjs.org/chalk-template/-/chalk-template-0.4.0.tgz 468ms (cache miss)
582 http fetch GET 200 https://registry.npmjs.org/compression/-/compression-1.7.4.tgz 468ms (cache miss)
583 http fetch GET 200 https://registry.npmjs.org/mime-types/-/mime-types-2.1.18.tgz 470ms (cache miss)
584 http fetch GET 200 https://registry.npmjs.org/content-disposition/-/content-disposition-0.5.2.tgz 563ms (cache miss)
585 http fetch GET 200 https://registry.npmjs.org/camelcase/-/camelcase-7.0.1.tgz 566ms (cache miss)
586 http fetch GET 200 https://registry.npmjs.org/range-parser/-/range-parser-1.2.0.tgz 695ms (cache miss)
587 http fetch GET 200 https://registry.npmjs.org/update-check/-/update-check-1.5.4.tgz 646ms (cache miss)
588 http fetch GET 200 https://registry.npmjs.org/chalk/-/chalk-5.0.1.tgz 744ms (cache miss)
589 http fetch GET 200 https://registry.npmjs.org/cli-boxes/-/cli-boxes-3.0.0.tgz 764ms (cache miss)
590 http fetch GET 200 https://registry.npmjs.org/@zeit/schemas/-/schemas-2.36.0.tgz 813ms (cache miss)
591 http fetch GET 200 https://registry.npmjs.org/bytes/-/bytes-3.0.0.tgz 845ms (cache miss)
592 http fetch GET 200 https://registry.npmjs.org/mime-db/-/mime-db-1.54.0.tgz 851ms (cache miss)
593 http fetch GET 200 https://registry.npmjs.org/path-to-regexp/-/path-to-regexp-3.3.0.tgz 859ms (cache miss)
594 http fetch GET 200 https://registry.npmjs.org/mime-db/-/mime-db-1.33.0.tgz 868ms (cache miss)
595 http fetch GET 200 https://registry.npmjs.org/boxen/-/boxen-7.0.0.tgz 885ms (cache miss)
596 http fetch GET 200 https://registry.npmjs.org/type-fest/-/type-fest-2.19.0.tgz 1177ms (cache miss)
597 http fetch GET 200 https://registry.npmjs.org/path-is-inside/-/path-is-inside-1.0.2.tgz 1383ms (cache miss)
598 http fetch GET 200 https://registry.npmjs.org/ajv/-/ajv-8.12.0.tgz 1772ms (cache miss)
599 http fetch GET 200 https://registry.npmjs.org/clipboardy/-/clipboardy-3.0.0.tgz 2084ms (cache miss)
600 silly ADD node_modules/serve
601 silly ADD node_modules/serve/node_modules/color-name
602 silly ADD node_modules/serve/node_modules/color-convert
603 silly ADD node_modules/serve/node_modules/has-flag
604 silly ADD node_modules/serve/node_modules/supports-color
605 silly ADD node_modules/serve/node_modules/is-fullwidth-code-point
606 silly ADD node_modules/serve/node_modules/ansi-styles
607 silly ADD node_modules/serve/node_modules/isexe
608 silly ADD node_modules/serve/node_modules/punycode
609 silly ADD node_modules/serve/node_modules/strip-json-comments
610 silly ADD node_modules/serve/node_modules/minimist
611 silly ADD node_modules/serve/node_modules/ini
612 silly ADD node_modules/serve/node_modules/deep-extend
613 silly ADD node_modules/serve/node_modules/rc
614 silly ADD node_modules/serve/node_modules/registry-url
615 silly ADD node_modules/serve/node_modules/registry-auth-token
616 silly ADD node_modules/serve/node_modules/ansi-regex
617 silly ADD node_modules/serve/node_modules/strip-ansi
618 silly ADD node_modules/serve/node_modules/emoji-regex
619 silly ADD node_modules/serve/node_modules/eastasianwidth
620 silly ADD node_modules/serve/node_modules/shebang-regex
621 silly ADD node_modules/serve/node_modules/concat-map
622 silly ADD node_modules/serve/node_modules/balanced-match
623 silly ADD node_modules/serve/node_modules/brace-expansion
624 silly ADD node_modules/serve/node_modules/range-parser
625 silly ADD node_modules/serve/node_modules/path-to-regexp
626 silly ADD node_modules/serve/node_modules/path-is-inside
627 silly ADD node_modules/serve/node_modules/minimatch
628 silly ADD node_modules/serve/node_modules/content-disposition
629 silly ADD node_modules/serve/node_modules/mimic-fn
630 silly ADD node_modules/serve/node_modules/is-docker
631 silly ADD node_modules/serve/node_modules/which
632 silly ADD node_modules/serve/node_modules/shebang-command
633 silly ADD node_modules/serve/node_modules/path-key
634 silly ADD node_modules/serve/node_modules/strip-final-newline
635 silly ADD node_modules/serve/node_modules/signal-exit
636 silly ADD node_modules/serve/node_modules/onetime
637 silly ADD node_modules/serve/node_modules/npm-run-path
638 silly ADD node_modules/serve/node_modules/merge-stream
639 silly ADD node_modules/serve/node_modules/is-stream
640 silly ADD node_modules/serve/node_modules/human-signals
641 silly ADD node_modules/serve/node_modules/get-stream
642 silly ADD node_modules/serve/node_modules/cross-spawn
643 silly ADD node_modules/serve/node_modules/ms
644 silly ADD node_modules/serve/node_modules/mime-db
645 silly ADD node_modules/serve/node_modules/negotiator
646 silly ADD node_modules/serve/node_modules/mime-types
647 silly ADD node_modules/serve/node_modules/mime-types/node_modules/mime-db
648 silly ADD node_modules/serve/node_modules/vary
649 silly ADD node_modules/serve/node_modules/safe-buffer
650 silly ADD node_modules/serve/node_modules/on-headers
651 silly ADD node_modules/serve/node_modules/debug
652 silly ADD node_modules/serve/node_modules/compressible
653 silly ADD node_modules/serve/node_modules/bytes
654 silly ADD node_modules/serve/node_modules/accepts
655 silly ADD node_modules/serve/node_modules/is-wsl
656 silly ADD node_modules/serve/node_modules/execa
657 silly ADD node_modules/serve/node_modules/arch
658 silly ADD node_modules/serve/node_modules/wrap-ansi
659 silly ADD node_modules/serve/node_modules/widest-line
660 silly ADD node_modules/serve/node_modules/type-fest
661 silly ADD node_modules/serve/node_modules/string-width
662 silly ADD node_modules/serve/node_modules/cli-boxes
663 silly ADD node_modules/serve/node_modules/camelcase
664 silly ADD node_modules/serve/node_modules/ansi-align
665 silly ADD node_modules/serve/node_modules/ansi-align/node_modules/ansi-regex
666 silly ADD node_modules/serve/node_modules/ansi-align/node_modules/strip-ansi
667 silly ADD node_modules/serve/node_modules/ansi-align/node_modules/emoji-regex
668 silly ADD node_modules/serve/node_modules/ansi-align/node_modules/string-width
669 silly ADD node_modules/serve/node_modules/uri-js
670 silly ADD node_modules/serve/node_modules/require-from-string
671 silly ADD node_modules/serve/node_modules/json-schema-traverse
672 silly ADD node_modules/serve/node_modules/fast-deep-equal
673 silly ADD node_modules/serve/node_modules/update-check
674 silly ADD node_modules/serve/node_modules/serve-handler
675 silly ADD node_modules/serve/node_modules/serve-handler/node_modules/mime-db
676 silly ADD node_modules/serve/node_modules/serve-handler/node_modules/mime-types
677 silly ADD node_modules/serve/node_modules/is-port-reachable
678 silly ADD node_modules/serve/node_modules/compression
679 silly ADD node_modules/serve/node_modules/clipboardy
680 silly ADD node_modules/serve/node_modules/chalk-template
681 silly ADD node_modules/serve/node_modules/chalk-template/node_modules/ansi-styles
682 silly ADD node_modules/serve/node_modules/chalk-template/node_modules/chalk
683 silly ADD node_modules/serve/node_modules/chalk
684 silly ADD node_modules/serve/node_modules/boxen
685 silly ADD node_modules/serve/node_modules/arg
686 silly ADD node_modules/serve/node_modules/ajv
687 silly ADD node_modules/serve/node_modules/@zeit/schemas
688 verbose cwd /data/data/com.termux/files/home/verumomnis/frontend
689 verbose os Linux 5.15.153-android13-3-31153516
690 verbose node v24.2.0
691 verbose npm  v11.3.0
692 verbose exit 0
693 info ok
